**************** CONFIGURATION **************** {'dataset_index': 2, 'model_name': 'ConvNeXt_Base', 'adaptation': False, 'adaptation_pretrained': False, 'view_adaptated_image': False, 'test': False, 'batch_size': 32, 'num_epochs': 6, 'learning_rate': 0.002, 'optimizer': 'SGD', 'training_round': 1}**************** TIMESTAMP **************** 2023-03-29 17:26:46.921214**************** ROUND 1 ****************[1,   200] loss: 3.923 accuracy: 2.12%
[1,   400] loss: 3.919 accuracy: 1.72%
[1,   600] loss: 3.916 accuracy: 1.98%
[1,   800] loss: 3.915 accuracy: 1.75%
[1,  1000] loss: 3.912 accuracy: 2.30%
[1,  1200] loss: 3.872 accuracy: 3.78%
[1,  1400] loss: 3.757 accuracy: 6.47%
[1,  1600] loss: 3.579 accuracy: 9.88%
[1,  1800] loss: 3.317 accuracy: 15.53%
[1,  2000] loss: 3.114 accuracy: 19.83%
Epoch 1: training accuracy = 23.31%
********** VALIDATION **********
Epoch 1: validation accuracy = 23.64%
[2,   200] loss: 2.755 accuracy: 27.09%
[2,   400] loss: 2.583 accuracy: 31.53%
[2,   600] loss: 2.238 accuracy: 41.02%
[2,   800] loss: 1.940 accuracy: 48.38%
[2,  1000] loss: 1.593 accuracy: 59.09%
[2,  1200] loss: 1.266 accuracy: 67.73%
[2,  1400] loss: 0.877 accuracy: 77.73%
[2,  1600] loss: 0.676 accuracy: 82.73%
[2,  1800] loss: 0.498 accuracy: 86.92%
[2,  2000] loss: 0.395 accuracy: 89.94%
Epoch 2: training accuracy = 93.25%
********** VALIDATION **********
Epoch 2: validation accuracy = 86.68%
[3,   200] loss: 0.336 accuracy: 90.94%
[3,   400] loss: 0.332 accuracy: 90.91%
[3,   600] loss: 0.279 accuracy: 92.23%
[3,   800] loss: 0.256 accuracy: 92.81%
[3,  1000] loss: 0.215 accuracy: 93.78%
[3,  1200] loss: 0.229 accuracy: 93.75%
[3,  1400] loss: 0.200 accuracy: 94.20%
[3,  1600] loss: 0.173 accuracy: 95.33%
[3,  1800] loss: 0.138 accuracy: 96.03%
[3,  2000] loss: 0.115 accuracy: 96.83%
Epoch 3: training accuracy = 97.55%
********** VALIDATION **********
Epoch 3: validation accuracy = 89.80%
[4,   200] loss: 0.114 accuracy: 96.81%
[4,   400] loss: 0.111 accuracy: 96.86%
[4,   600] loss: 0.107 accuracy: 96.84%
[4,   800] loss: 0.108 accuracy: 97.06%
[4,  1000] loss: 0.095 accuracy: 97.53%
[4,  1200] loss: 0.094 accuracy: 97.45%
[4,  1400] loss: 0.076 accuracy: 97.80%
[4,  1600] loss: 0.077 accuracy: 97.73%
[4,  1800] loss: 0.054 accuracy: 98.45%
[4,  2000] loss: 0.054 accuracy: 98.41%
Epoch 4: training accuracy = 99.39%
********** VALIDATION **********
Epoch 4: validation accuracy = 91.16%
[5,   200] loss: 0.053 accuracy: 98.64%
[5,   400] loss: 0.055 accuracy: 98.50%
[5,   600] loss: 0.055 accuracy: 98.52%
[5,   800] loss: 0.044 accuracy: 98.84%
[5,  1000] loss: 0.039 accuracy: 98.98%
[5,  1200] loss: 0.048 accuracy: 98.64%
[5,  1400] loss: 0.035 accuracy: 99.12%
[5,  1600] loss: 0.030 accuracy: 99.25%
[5,  1800] loss: 0.027 accuracy: 99.34%
[5,  2000] loss: 0.019 accuracy: 99.67%
Epoch 5: training accuracy = 99.39%
********** VALIDATION **********
Epoch 5: validation accuracy = 93.16%
[6,   200] loss: 0.022 accuracy: 99.34%
[6,   400] loss: 0.019 accuracy: 99.55%
[6,   600] loss: 0.021 accuracy: 99.39%
[6,   800] loss: 0.028 accuracy: 99.30%
[6,  1000] loss: 0.027 accuracy: 99.30%
[6,  1200] loss: 0.018 accuracy: 99.58%
[6,  1400] loss: 0.012 accuracy: 99.78%
[6,  1600] loss: 0.024 accuracy: 99.34%
[6,  1800] loss: 0.017 accuracy: 99.59%
[6,  2000] loss: 0.013 accuracy: 99.73%
Epoch 6: training accuracy = 100.00%
********** VALIDATION **********
Epoch 6: validation accuracy = 93.28%
