**************** CONFIGURATION **************** {'dataset_index': 3, 'model_name': 'ResNet50', 'adaptation': True, 'adaptation_pretrained': False, 'cnn_pretrained': False, 'self_pretrained': True, 'view_adaptated_image': False, 'resume': False, 'pretrain': False, 'pretrain_classes': 600, 'test': False, 'batch_size': 64, 'num_epochs': 20, 'learning_rate': 0.004, 'optimizer': 'SGD', 'training_round': 1}**************** TIMESTAMP **************** 2023-04-20 17:34:15.007882**************** ROUND 1 ****************[1,   199] loss: 9.795 accuracy: 26.25%
[1,   398] loss: 4.300 accuracy: 0.00%
**************** CONFIGURATION **************** {'dataset_index': 3, 'model_name': 'ResNet50', 'adaptation': True, 'adaptation_pretrained': False, 'cnn_pretrained': False, 'self_pretrained': True, 'view_adaptated_image': False, 'resume': False, 'pretrain': False, 'pretrain_classes': 600, 'test': False, 'batch_size': 64, 'num_epochs': 20, 'learning_rate': 0.004, 'optimizer': 'SGD', 'training_round': 1}**************** TIMESTAMP **************** 2023-04-20 17:37:47.367173**************** ROUND 1 ****************[1,    19] loss: 0.021 accuracy: 94.74%
[1,    38] loss: 0.869 accuracy: 85.86%
[1,    57] loss: 3.497 accuracy: 66.45%
[1,    76] loss: 2.228 accuracy: 25.66%
[1,    95] loss: 0.518 accuracy: 16.04%
[1,   114] loss: 0.462 accuracy: 0.00%
[1,   133] loss: 0.428 accuracy: 0.00%
**************** CONFIGURATION **************** {'dataset_index': 3, 'model_name': 'ResNet50', 'adaptation': True, 'adaptation_pretrained': False, 'cnn_pretrained': False, 'self_pretrained': True, 'view_adaptated_image': False, 'resume': False, 'pretrain': False, 'pretrain_classes': 600, 'test': False, 'batch_size': 64, 'num_epochs': 20, 'learning_rate': 0.004, 'optimizer': 'SGD', 'training_round': 1}**************** TIMESTAMP **************** 2023-04-20 17:39:08.716197**************** ROUND 1 ****************[1,    19] loss: 0.461 accuracy: 1.32%
[1,    38] loss: 0.461 accuracy: 3.29%
[1,    57] loss: 0.446 accuracy: 3.45%
[1,    76] loss: 0.433 accuracy: 4.77%
[1,    95] loss: 0.424 accuracy: 5.76%
[1,   114] loss: 0.419 accuracy: 6.17%
[1,   133] loss: 0.402 accuracy: 8.96%
[1,   152] loss: 0.416 accuracy: 8.31%
[1,   171] loss: 0.409 accuracy: 8.63%
[1,   190] loss: 0.393 accuracy: 9.46%
[1,   209] loss: 0.394 accuracy: 10.53%
[1,   228] loss: 0.392 accuracy: 10.77%
[1,   247] loss: 0.388 accuracy: 10.36%
[1,   266] loss: 0.378 accuracy: 11.76%
[1,   285] loss: 0.373 accuracy: 12.34%
[1,   304] loss: 0.371 accuracy: 12.09%
[1,   323] loss: 0.369 accuracy: 13.40%
[1,   342] loss: 0.369 accuracy: 13.90%
[1,   361] loss: 0.368 accuracy: 13.24%
[1,   380] loss: 0.360 accuracy: 13.90%
[1,   399] loss: 0.371 accuracy: 11.27%
[1,   418] loss: 0.355 accuracy: 15.71%
[1,   437] loss: 0.364 accuracy: 13.57%
[1,   456] loss: 0.354 accuracy: 15.62%
[1,   475] loss: 0.356 accuracy: 13.82%
[1,   494] loss: 0.349 accuracy: 16.37%
[1,   513] loss: 0.355 accuracy: 15.54%
[1,   532] loss: 0.347 accuracy: 15.95%
[1,   551] loss: 0.345 accuracy: 15.54%
[1,   570] loss: 0.332 accuracy: 19.57%
[1,   589] loss: 0.347 accuracy: 17.60%
[1,   608] loss: 0.345 accuracy: 16.94%
[1,   627] loss: 0.342 accuracy: 16.94%
[1,   646] loss: 0.331 accuracy: 17.68%
[1,   665] loss: 0.340 accuracy: 16.37%
[1,   684] loss: 0.339 accuracy: 17.11%
[1,   703] loss: 0.333 accuracy: 19.33%
[1,   722] loss: 0.328 accuracy: 19.74%
[1,   741] loss: 0.325 accuracy: 20.89%
[1,   760] loss: 0.335 accuracy: 18.17%
[1,   779] loss: 0.323 accuracy: 19.57%
[1,   798] loss: 0.326 accuracy: 22.12%
[1,   817] loss: 0.326 accuracy: 20.31%
[1,   836] loss: 0.325 accuracy: 22.37%
[1,   855] loss: 0.328 accuracy: 21.63%
[1,   874] loss: 0.319 accuracy: 20.15%
[1,   893] loss: 0.312 accuracy: 20.64%
[1,   912] loss: 0.318 accuracy: 21.71%
[1,   931] loss: 0.299 accuracy: 23.52%
[1,   950] loss: 0.309 accuracy: 21.46%
[1,   969] loss: 0.313 accuracy: 21.38%
[1,   988] loss: 0.312 accuracy: 22.45%
[1,  1007] loss: 0.327 accuracy: 20.31%
[1,  1026] loss: 0.314 accuracy: 20.39%
[1,  1045] loss: 0.307 accuracy: 23.60%
[1,  1064] loss: 0.306 accuracy: 24.92%
[1,  1083] loss: 0.301 accuracy: 26.32%
[1,  1102] loss: 0.313 accuracy: 23.36%
[1,  1121] loss: 0.307 accuracy: 22.70%
[1,  1140] loss: 0.306 accuracy: 22.12%
[1,  1159] loss: 0.303 accuracy: 24.84%
[1,  1178] loss: 0.297 accuracy: 24.84%
[1,  1197] loss: 0.303 accuracy: 23.60%
[1,  1216] loss: 0.298 accuracy: 24.18%
[1,  1235] loss: 0.305 accuracy: 23.03%
[1,  1254] loss: 0.294 accuracy: 27.22%
[1,  1273] loss: 0.292 accuracy: 24.84%
[1,  1292] loss: 0.300 accuracy: 25.99%
[1,  1311] loss: 0.291 accuracy: 27.06%
[1,  1330] loss: 0.298 accuracy: 25.08%
[1,  1349] loss: 0.288 accuracy: 27.55%
[1,  1368] loss: 0.294 accuracy: 26.97%
[1,  1387] loss: 0.288 accuracy: 27.38%
[1,  1406] loss: 0.287 accuracy: 25.74%
[1,  1425] loss: 0.284 accuracy: 28.21%
[1,  1444] loss: 0.283 accuracy: 29.28%
[1,  1463] loss: 0.287 accuracy: 28.37%
[1,  1482] loss: 0.291 accuracy: 26.48%
[1,  1501] loss: 0.282 accuracy: 29.69%
[1,  1520] loss: 0.284 accuracy: 28.87%
[1,  1539] loss: 0.282 accuracy: 28.70%
[1,  1558] loss: 0.289 accuracy: 26.40%
[1,  1577] loss: 0.287 accuracy: 27.14%
[1,  1596] loss: 0.281 accuracy: 28.62%
[1,  1615] loss: 0.279 accuracy: 26.97%
[1,  1634] loss: 0.293 accuracy: 25.25%
[1,  1653] loss: 0.279 accuracy: 29.52%
[1,  1672] loss: 0.277 accuracy: 30.02%
[1,  1691] loss: 0.269 accuracy: 30.18%
[1,  1710] loss: 0.279 accuracy: 29.36%
[1,  1729] loss: 0.289 accuracy: 27.55%
[1,  1748] loss: 0.274 accuracy: 28.95%
[1,  1767] loss: 0.274 accuracy: 29.36%
[1,  1786] loss: 0.282 accuracy: 29.36%
[1,  1805] loss: 0.273 accuracy: 31.25%
[1,  1824] loss: 0.271 accuracy: 29.19%
[1,  1843] loss: 0.268 accuracy: 30.51%
[1,  1862] loss: 0.269 accuracy: 31.74%
[1,  1881] loss: 0.270 accuracy: 30.26%
[1,  1900] loss: 0.279 accuracy: 28.62%
[1,  1919] loss: 0.278 accuracy: 29.44%
[1,  1938] loss: 0.269 accuracy: 30.67%
[1,  1957] loss: 0.257 accuracy: 33.96%
[1,  1976] loss: 0.266 accuracy: 29.85%
[1,  1995] loss: 0.270 accuracy: 30.59%
Epoch 1: training accuracy = 25.30%
********** VALIDATION **********
Epoch 1: validation accuracy = 28.30%
[2,    19] loss: 0.284 accuracy: 26.97%
[2,    38] loss: 0.276 accuracy: 28.45%
[2,    57] loss: 0.269 accuracy: 31.66%
[2,    76] loss: 0.266 accuracy: 31.00%
[2,    95] loss: 0.258 accuracy: 33.14%
[2,   114] loss: 0.265 accuracy: 30.59%
[2,   133] loss: 0.273 accuracy: 31.00%
[2,   152] loss: 0.273 accuracy: 29.44%
[2,   171] loss: 0.273 accuracy: 29.19%
[2,   190] loss: 0.269 accuracy: 31.91%
[2,   209] loss: 0.262 accuracy: 31.50%
[2,   228] loss: 0.259 accuracy: 31.66%
[2,   247] loss: 0.266 accuracy: 31.17%
[2,   266] loss: 0.255 accuracy: 33.06%
[2,   285] loss: 0.269 accuracy: 30.84%
[2,   304] loss: 0.262 accuracy: 30.92%
[2,   323] loss: 0.256 accuracy: 32.65%
[2,   342] loss: 0.245 accuracy: 35.77%
[2,   361] loss: 0.266 accuracy: 31.41%
[2,   380] loss: 0.256 accuracy: 33.63%
[2,   399] loss: 0.260 accuracy: 34.54%
[2,   418] loss: 0.249 accuracy: 34.62%
[2,   437] loss: 0.259 accuracy: 35.20%
[2,   456] loss: 0.246 accuracy: 35.61%
[2,   475] loss: 0.248 accuracy: 35.36%
[2,   494] loss: 0.255 accuracy: 33.22%
[2,   513] loss: 0.252 accuracy: 33.55%
[2,   532] loss: 0.253 accuracy: 34.21%
[2,   551] loss: 0.242 accuracy: 34.54%
[2,   570] loss: 0.257 accuracy: 30.84%
[2,   589] loss: 0.243 accuracy: 36.43%
[2,   608] loss: 0.250 accuracy: 35.86%
[2,   627] loss: 0.240 accuracy: 36.18%
[2,   646] loss: 0.258 accuracy: 32.65%
[2,   665] loss: 0.254 accuracy: 34.95%
[2,   684] loss: 0.238 accuracy: 36.60%
[2,   703] loss: 0.244 accuracy: 36.10%
[2,   722] loss: 0.236 accuracy: 35.94%
[2,   741] loss: 0.243 accuracy: 35.28%
[2,   760] loss: 0.247 accuracy: 36.10%
[2,   779] loss: 0.250 accuracy: 35.03%
[2,   798] loss: 0.244 accuracy: 35.12%
[2,   817] loss: 0.246 accuracy: 35.86%
[2,   836] loss: 0.255 accuracy: 33.72%
[2,   855] loss: 0.250 accuracy: 33.31%
[2,   874] loss: 0.237 accuracy: 36.84%
[2,   893] loss: 0.232 accuracy: 37.91%
[2,   912] loss: 0.241 accuracy: 36.68%
[2,   931] loss: 0.240 accuracy: 37.01%
[2,   950] loss: 0.240 accuracy: 34.79%
[2,   969] loss: 0.255 accuracy: 34.13%
[2,   988] loss: 0.243 accuracy: 37.17%
[2,  1007] loss: 0.246 accuracy: 33.80%
[2,  1026] loss: 0.239 accuracy: 37.34%
[2,  1045] loss: 0.230 accuracy: 39.97%
[2,  1064] loss: 0.239 accuracy: 37.01%
[2,  1083] loss: 0.239 accuracy: 37.83%
[2,  1102] loss: 0.235 accuracy: 38.73%
[2,  1121] loss: 0.250 accuracy: 35.94%
[2,  1140] loss: 0.243 accuracy: 37.58%
[2,  1159] loss: 0.246 accuracy: 37.09%
[2,  1178] loss: 0.238 accuracy: 36.60%
[2,  1197] loss: 0.231 accuracy: 37.91%
[2,  1216] loss: 0.246 accuracy: 35.94%
[2,  1235] loss: 0.230 accuracy: 40.87%
[2,  1254] loss: 0.234 accuracy: 37.09%
[2,  1273] loss: 0.237 accuracy: 39.56%
[2,  1292] loss: 0.239 accuracy: 37.83%
[2,  1311] loss: 0.239 accuracy: 35.77%
[2,  1330] loss: 0.242 accuracy: 35.44%
[2,  1349] loss: 0.232 accuracy: 38.98%
[2,  1368] loss: 0.234 accuracy: 38.65%
[2,  1387] loss: 0.228 accuracy: 41.69%
[2,  1406] loss: 0.229 accuracy: 38.24%
[2,  1425] loss: 0.237 accuracy: 38.65%
[2,  1444] loss: 0.236 accuracy: 38.90%
[2,  1463] loss: 0.228 accuracy: 40.95%
[2,  1482] loss: 0.222 accuracy: 43.50%
[2,  1501] loss: 0.240 accuracy: 36.43%
[2,  1520] loss: 0.230 accuracy: 38.08%
[2,  1539] loss: 0.230 accuracy: 41.04%
[2,  1558] loss: 0.232 accuracy: 39.64%
[2,  1577] loss: 0.224 accuracy: 39.64%
[2,  1596] loss: 0.227 accuracy: 39.88%
[2,  1615] loss: 0.223 accuracy: 40.71%
[2,  1634] loss: 0.222 accuracy: 42.19%
[2,  1653] loss: 0.226 accuracy: 39.97%
[2,  1672] loss: 0.227 accuracy: 41.61%
[2,  1691] loss: 0.233 accuracy: 38.98%
[2,  1710] loss: 0.229 accuracy: 40.71%
[2,  1729] loss: 0.231 accuracy: 38.32%
[2,  1748] loss: 0.224 accuracy: 40.79%
[2,  1767] loss: 0.223 accuracy: 41.86%
[2,  1786] loss: 0.228 accuracy: 41.86%
[2,  1805] loss: 0.230 accuracy: 39.97%
[2,  1824] loss: 0.224 accuracy: 41.12%
[2,  1843] loss: 0.224 accuracy: 41.61%
[2,  1862] loss: 0.226 accuracy: 38.73%
[2,  1881] loss: 0.225 accuracy: 41.78%
[2,  1900] loss: 0.233 accuracy: 36.60%
[2,  1919] loss: 0.224 accuracy: 41.61%
[2,  1938] loss: 0.232 accuracy: 39.31%
[2,  1957] loss: 0.222 accuracy: 42.27%
[2,  1976] loss: 0.233 accuracy: 39.06%
[2,  1995] loss: 0.233 accuracy: 37.83%
Epoch 2: training accuracy = 38.74%
********** VALIDATION **********
Epoch 2: validation accuracy = 37.64%
[3,    19] loss: 0.204 accuracy: 44.90%
[3,    38] loss: 0.221 accuracy: 41.78%
[3,    57] loss: 0.210 accuracy: 42.52%
[3,    76] loss: 0.201 accuracy: 46.55%
[3,    95] loss: 0.206 accuracy: 45.15%
[3,   114] loss: 0.203 accuracy: 45.81%
[3,   133] loss: 0.207 accuracy: 44.65%
[3,   152] loss: 0.208 accuracy: 44.00%
[3,   171] loss: 0.212 accuracy: 43.09%
[3,   190] loss: 0.201 accuracy: 46.05%
[3,   209] loss: 0.206 accuracy: 45.39%
[3,   228] loss: 0.207 accuracy: 46.63%
[3,   247] loss: 0.208 accuracy: 43.09%
[3,   266] loss: 0.216 accuracy: 44.08%
[3,   285] loss: 0.210 accuracy: 44.65%
[3,   304] loss: 0.207 accuracy: 43.67%
[3,   323] loss: 0.214 accuracy: 42.93%
[3,   342] loss: 0.219 accuracy: 41.37%
[3,   361] loss: 0.216 accuracy: 44.16%
[3,   380] loss: 0.197 accuracy: 48.03%
[3,   399] loss: 0.204 accuracy: 44.65%
[3,   418] loss: 0.217 accuracy: 44.00%
[3,   437] loss: 0.210 accuracy: 43.91%
[3,   456] loss: 0.202 accuracy: 47.86%
[3,   475] loss: 0.209 accuracy: 44.57%
[3,   494] loss: 0.204 accuracy: 45.97%
[3,   513] loss: 0.212 accuracy: 44.49%
[3,   532] loss: 0.194 accuracy: 46.88%
[3,   551] loss: 0.214 accuracy: 42.68%
[3,   570] loss: 0.207 accuracy: 45.23%
[3,   589] loss: 0.210 accuracy: 43.01%
[3,   608] loss: 0.209 accuracy: 43.50%
[3,   627] loss: 0.214 accuracy: 44.41%
[3,   646] loss: 0.206 accuracy: 45.07%
[3,   665] loss: 0.212 accuracy: 43.26%
[3,   684] loss: 0.209 accuracy: 43.50%
[3,   703] loss: 0.210 accuracy: 44.65%
[3,   722] loss: 0.197 accuracy: 48.27%
[3,   741] loss: 0.206 accuracy: 45.23%
[3,   760] loss: 0.210 accuracy: 44.90%
[3,   779] loss: 0.203 accuracy: 45.72%
[3,   798] loss: 0.205 accuracy: 43.91%
[3,   817] loss: 0.201 accuracy: 46.96%
[3,   836] loss: 0.203 accuracy: 43.91%
[3,   855] loss: 0.206 accuracy: 43.09%
[3,   874] loss: 0.201 accuracy: 46.71%
[3,   893] loss: 0.206 accuracy: 46.22%
[3,   912] loss: 0.196 accuracy: 46.63%
[3,   931] loss: 0.206 accuracy: 45.23%
[3,   950] loss: 0.207 accuracy: 44.08%
[3,   969] loss: 0.204 accuracy: 45.81%
[3,   988] loss: 0.212 accuracy: 44.33%
[3,  1007] loss: 0.208 accuracy: 43.75%
[3,  1026] loss: 0.205 accuracy: 45.07%
[3,  1045] loss: 0.206 accuracy: 44.41%
[3,  1064] loss: 0.196 accuracy: 48.52%
[3,  1083] loss: 0.203 accuracy: 45.07%
[3,  1102] loss: 0.200 accuracy: 45.39%
[3,  1121] loss: 0.213 accuracy: 43.83%
[3,  1140] loss: 0.199 accuracy: 44.98%
[3,  1159] loss: 0.198 accuracy: 47.94%
[3,  1178] loss: 0.198 accuracy: 47.86%
[3,  1197] loss: 0.200 accuracy: 45.31%
[3,  1216] loss: 0.206 accuracy: 45.23%
[3,  1235] loss: 0.200 accuracy: 45.81%
[3,  1254] loss: 0.188 accuracy: 48.68%
[3,  1273] loss: 0.198 accuracy: 45.15%
[3,  1292] loss: 0.195 accuracy: 49.51%
[3,  1311] loss: 0.203 accuracy: 47.78%
[3,  1330] loss: 0.208 accuracy: 45.31%
[3,  1349] loss: 0.200 accuracy: 46.13%
[3,  1368] loss: 0.193 accuracy: 46.79%
[3,  1387] loss: 0.199 accuracy: 46.71%
[3,  1406] loss: 0.196 accuracy: 48.85%
[3,  1425] loss: 0.208 accuracy: 44.49%
[3,  1444] loss: 0.206 accuracy: 43.91%
[3,  1463] loss: 0.199 accuracy: 49.34%
[3,  1482] loss: 0.218 accuracy: 42.76%
[3,  1501] loss: 0.203 accuracy: 47.20%
[3,  1520] loss: 0.195 accuracy: 48.52%
[3,  1539] loss: 0.203 accuracy: 46.30%
[3,  1558] loss: 0.205 accuracy: 44.65%
[3,  1577] loss: 0.196 accuracy: 47.04%
[3,  1596] loss: 0.197 accuracy: 49.59%
[3,  1615] loss: 0.190 accuracy: 49.10%
[3,  1634] loss: 0.201 accuracy: 46.79%
[3,  1653] loss: 0.202 accuracy: 44.90%
[3,  1672] loss: 0.196 accuracy: 48.60%
[3,  1691] loss: 0.212 accuracy: 43.42%
[3,  1710] loss: 0.196 accuracy: 47.12%
[3,  1729] loss: 0.193 accuracy: 47.70%
[3,  1748] loss: 0.195 accuracy: 47.78%
[3,  1767] loss: 0.195 accuracy: 46.79%
[3,  1786] loss: 0.193 accuracy: 50.08%
[3,  1805] loss: 0.197 accuracy: 48.77%
[3,  1824] loss: 0.205 accuracy: 46.96%
[3,  1843] loss: 0.196 accuracy: 49.01%
[3,  1862] loss: 0.200 accuracy: 46.30%
[3,  1881] loss: 0.191 accuracy: 48.52%
[3,  1900] loss: 0.197 accuracy: 47.04%
[3,  1919] loss: 0.195 accuracy: 48.68%
[3,  1938] loss: 0.195 accuracy: 46.96%
[3,  1957] loss: 0.189 accuracy: 49.10%
[3,  1976] loss: 0.198 accuracy: 47.12%
[3,  1995] loss: 0.197 accuracy: 47.12%
Epoch 3: training accuracy = 43.87%
********** VALIDATION **********
Epoch 3: validation accuracy = 42.64%
[4,    19] loss: 0.180 accuracy: 52.06%
[4,    38] loss: 0.181 accuracy: 51.32%
[4,    57] loss: 0.179 accuracy: 49.59%
[4,    76] loss: 0.177 accuracy: 52.96%
[4,    95] loss: 0.178 accuracy: 49.92%
[4,   114] loss: 0.168 accuracy: 52.71%
[4,   133] loss: 0.180 accuracy: 49.75%
[4,   152] loss: 0.174 accuracy: 52.22%
[4,   171] loss: 0.175 accuracy: 51.32%
[4,   190] loss: 0.179 accuracy: 50.99%
[4,   209] loss: 0.176 accuracy: 51.64%
[4,   228] loss: 0.183 accuracy: 52.30%
[4,   247] loss: 0.178 accuracy: 51.64%
[4,   266] loss: 0.173 accuracy: 54.11%
[4,   285] loss: 0.183 accuracy: 49.18%
[4,   304] loss: 0.173 accuracy: 51.97%
[4,   323] loss: 0.167 accuracy: 52.63%
[4,   342] loss: 0.173 accuracy: 53.54%
[4,   361] loss: 0.175 accuracy: 51.64%
[4,   380] loss: 0.181 accuracy: 51.48%
[4,   399] loss: 0.165 accuracy: 54.19%
[4,   418] loss: 0.182 accuracy: 50.99%
[4,   437] loss: 0.180 accuracy: 51.40%
[4,   456] loss: 0.179 accuracy: 51.64%
[4,   475] loss: 0.163 accuracy: 57.07%
[4,   494] loss: 0.184 accuracy: 50.00%
[4,   513] loss: 0.180 accuracy: 49.75%
[4,   532] loss: 0.178 accuracy: 51.64%
[4,   551] loss: 0.183 accuracy: 50.08%
[4,   570] loss: 0.191 accuracy: 48.36%
[4,   589] loss: 0.177 accuracy: 51.56%
[4,   608] loss: 0.174 accuracy: 51.73%
[4,   627] loss: 0.168 accuracy: 53.87%
[4,   646] loss: 0.180 accuracy: 50.33%
[4,   665] loss: 0.180 accuracy: 52.30%
[4,   684] loss: 0.186 accuracy: 49.92%
[4,   703] loss: 0.185 accuracy: 49.34%
[4,   722] loss: 0.176 accuracy: 52.06%
[4,   741] loss: 0.178 accuracy: 51.07%
[4,   760] loss: 0.173 accuracy: 51.89%
[4,   779] loss: 0.184 accuracy: 51.73%
[4,   798] loss: 0.183 accuracy: 49.01%
[4,   817] loss: 0.176 accuracy: 52.63%
[4,   836] loss: 0.170 accuracy: 53.04%
[4,   855] loss: 0.181 accuracy: 51.56%
[4,   874] loss: 0.180 accuracy: 51.64%
[4,   893] loss: 0.169 accuracy: 52.88%
[4,   912] loss: 0.176 accuracy: 50.41%
[4,   931] loss: 0.180 accuracy: 51.73%
[4,   950] loss: 0.176 accuracy: 52.30%
[4,   969] loss: 0.170 accuracy: 54.52%
[4,   988] loss: 0.187 accuracy: 50.74%
[4,  1007] loss: 0.183 accuracy: 51.15%
[4,  1026] loss: 0.178 accuracy: 53.21%
[4,  1045] loss: 0.178 accuracy: 51.73%
[4,  1064] loss: 0.192 accuracy: 48.60%
[4,  1083] loss: 0.177 accuracy: 51.64%
[4,  1102] loss: 0.175 accuracy: 52.71%
[4,  1121] loss: 0.170 accuracy: 54.77%
[4,  1140] loss: 0.177 accuracy: 52.55%
[4,  1159] loss: 0.180 accuracy: 51.07%
[4,  1178] loss: 0.166 accuracy: 54.93%
[4,  1197] loss: 0.178 accuracy: 51.40%
[4,  1216] loss: 0.177 accuracy: 52.80%
[4,  1235] loss: 0.179 accuracy: 51.32%
[4,  1254] loss: 0.184 accuracy: 50.16%
[4,  1273] loss: 0.192 accuracy: 46.38%
[4,  1292] loss: 0.172 accuracy: 53.54%
[4,  1311] loss: 0.185 accuracy: 48.93%
[4,  1330] loss: 0.184 accuracy: 50.58%
[4,  1349] loss: 0.175 accuracy: 51.64%
[4,  1368] loss: 0.186 accuracy: 50.49%
[4,  1387] loss: 0.176 accuracy: 52.96%
[4,  1406] loss: 0.179 accuracy: 50.25%
[4,  1425] loss: 0.173 accuracy: 54.61%
[4,  1444] loss: 0.177 accuracy: 51.56%
[4,  1463] loss: 0.182 accuracy: 49.01%
[4,  1482] loss: 0.178 accuracy: 51.48%
[4,  1501] loss: 0.173 accuracy: 50.99%
[4,  1520] loss: 0.179 accuracy: 50.82%
[4,  1539] loss: 0.176 accuracy: 52.06%
[4,  1558] loss: 0.176 accuracy: 51.15%
[4,  1577] loss: 0.183 accuracy: 49.34%
[4,  1596] loss: 0.176 accuracy: 51.89%
[4,  1615] loss: 0.176 accuracy: 52.47%
[4,  1634] loss: 0.172 accuracy: 53.45%
[4,  1653] loss: 0.178 accuracy: 52.30%
[4,  1672] loss: 0.169 accuracy: 52.63%
[4,  1691] loss: 0.177 accuracy: 51.48%
[4,  1710] loss: 0.176 accuracy: 52.55%
[4,  1729] loss: 0.176 accuracy: 51.89%
[4,  1748] loss: 0.175 accuracy: 51.23%
[4,  1767] loss: 0.179 accuracy: 52.96%
[4,  1786] loss: 0.170 accuracy: 54.36%
[4,  1805] loss: 0.179 accuracy: 51.56%
[4,  1824] loss: 0.177 accuracy: 51.56%
[4,  1843] loss: 0.175 accuracy: 52.80%
[4,  1862] loss: 0.178 accuracy: 51.15%
[4,  1881] loss: 0.184 accuracy: 52.14%
[4,  1900] loss: 0.179 accuracy: 50.74%
[4,  1919] loss: 0.177 accuracy: 50.41%
[4,  1938] loss: 0.165 accuracy: 54.77%
[4,  1957] loss: 0.177 accuracy: 52.38%
[4,  1976] loss: 0.172 accuracy: 53.37%
[4,  1995] loss: 0.180 accuracy: 50.66%
Epoch 4: training accuracy = 54.15%
********** VALIDATION **********
Epoch 4: validation accuracy = 44.30%
[5,    19] loss: 0.151 accuracy: 58.06%
[5,    38] loss: 0.156 accuracy: 57.40%
[5,    57] loss: 0.162 accuracy: 55.76%
[5,    76] loss: 0.154 accuracy: 55.92%
[5,    95] loss: 0.152 accuracy: 58.39%
[5,   114] loss: 0.160 accuracy: 55.92%
[5,   133] loss: 0.153 accuracy: 58.55%
[5,   152] loss: 0.148 accuracy: 58.96%
[5,   171] loss: 0.156 accuracy: 56.41%
[5,   190] loss: 0.151 accuracy: 59.29%
[5,   209] loss: 0.146 accuracy: 58.72%
[5,   228] loss: 0.157 accuracy: 56.41%
[5,   247] loss: 0.161 accuracy: 56.09%
[5,   266] loss: 0.160 accuracy: 54.28%
[5,   285] loss: 0.157 accuracy: 57.24%
[5,   304] loss: 0.159 accuracy: 55.76%
[5,   323] loss: 0.158 accuracy: 54.93%
[5,   342] loss: 0.154 accuracy: 55.51%
[5,   361] loss: 0.157 accuracy: 57.32%
[5,   380] loss: 0.147 accuracy: 58.14%
[5,   399] loss: 0.157 accuracy: 56.25%
[5,   418] loss: 0.154 accuracy: 57.89%
[5,   437] loss: 0.154 accuracy: 57.48%
[5,   456] loss: 0.157 accuracy: 57.57%
[5,   475] loss: 0.151 accuracy: 57.65%
[5,   494] loss: 0.159 accuracy: 54.61%
[5,   513] loss: 0.153 accuracy: 57.81%
[5,   532] loss: 0.154 accuracy: 56.25%
[5,   551] loss: 0.151 accuracy: 55.43%
[5,   570] loss: 0.162 accuracy: 54.28%
[5,   589] loss: 0.156 accuracy: 57.24%
[5,   608] loss: 0.149 accuracy: 57.48%
[5,   627] loss: 0.152 accuracy: 57.81%
[5,   646] loss: 0.160 accuracy: 57.24%
[5,   665] loss: 0.158 accuracy: 56.17%
[5,   684] loss: 0.151 accuracy: 57.48%
[5,   703] loss: 0.159 accuracy: 56.50%
[5,   722] loss: 0.160 accuracy: 56.00%
[5,   741] loss: 0.159 accuracy: 56.33%
[5,   760] loss: 0.155 accuracy: 58.06%
[5,   779] loss: 0.161 accuracy: 54.93%
[5,   798] loss: 0.164 accuracy: 53.95%
[5,   817] loss: 0.161 accuracy: 55.43%
[5,   836] loss: 0.158 accuracy: 55.26%
[5,   855] loss: 0.159 accuracy: 56.25%
[5,   874] loss: 0.157 accuracy: 56.00%
[5,   893] loss: 0.158 accuracy: 56.09%
[5,   912] loss: 0.157 accuracy: 54.61%
[5,   931] loss: 0.161 accuracy: 56.50%
[5,   950] loss: 0.162 accuracy: 57.73%
[5,   969] loss: 0.153 accuracy: 57.15%
[5,   988] loss: 0.149 accuracy: 59.13%
[5,  1007] loss: 0.157 accuracy: 56.91%
[5,  1026] loss: 0.164 accuracy: 55.67%
[5,  1045] loss: 0.153 accuracy: 57.24%
[5,  1064] loss: 0.150 accuracy: 57.48%
[5,  1083] loss: 0.159 accuracy: 56.91%
[5,  1102] loss: 0.159 accuracy: 57.15%
[5,  1121] loss: 0.152 accuracy: 57.07%
[5,  1140] loss: 0.158 accuracy: 55.18%
[5,  1159] loss: 0.153 accuracy: 57.32%
[5,  1178] loss: 0.165 accuracy: 54.85%
[5,  1197] loss: 0.160 accuracy: 55.92%
[5,  1216] loss: 0.150 accuracy: 58.55%
[5,  1235] loss: 0.151 accuracy: 58.06%
[5,  1254] loss: 0.166 accuracy: 55.43%
[5,  1273] loss: 0.160 accuracy: 56.50%
[5,  1292] loss: 0.162 accuracy: 54.36%
[5,  1311] loss: 0.159 accuracy: 55.59%
[5,  1330] loss: 0.151 accuracy: 57.98%
[5,  1349] loss: 0.152 accuracy: 58.96%
[5,  1368] loss: 0.161 accuracy: 57.15%
[5,  1387] loss: 0.166 accuracy: 56.41%
[5,  1406] loss: 0.156 accuracy: 56.25%
[5,  1425] loss: 0.159 accuracy: 57.89%
[5,  1444] loss: 0.161 accuracy: 55.92%
[5,  1463] loss: 0.162 accuracy: 55.26%
[5,  1482] loss: 0.151 accuracy: 57.07%
[5,  1501] loss: 0.161 accuracy: 55.18%
[5,  1520] loss: 0.152 accuracy: 57.65%
[5,  1539] loss: 0.163 accuracy: 56.17%
[5,  1558] loss: 0.166 accuracy: 54.03%
[5,  1577] loss: 0.158 accuracy: 55.92%
[5,  1596] loss: 0.170 accuracy: 54.77%
[5,  1615] loss: 0.155 accuracy: 57.15%
[5,  1634] loss: 0.162 accuracy: 54.11%
[5,  1653] loss: 0.157 accuracy: 56.09%
[5,  1672] loss: 0.162 accuracy: 55.59%
[5,  1691] loss: 0.157 accuracy: 56.17%
[5,  1710] loss: 0.161 accuracy: 54.77%
[5,  1729] loss: 0.158 accuracy: 55.26%
[5,  1748] loss: 0.159 accuracy: 57.07%
[5,  1767] loss: 0.151 accuracy: 59.13%
[5,  1786] loss: 0.160 accuracy: 56.41%
[5,  1805] loss: 0.165 accuracy: 54.52%
[5,  1824] loss: 0.154 accuracy: 57.40%
[5,  1843] loss: 0.161 accuracy: 56.33%
[5,  1862] loss: 0.150 accuracy: 59.38%
[5,  1881] loss: 0.154 accuracy: 58.22%
[5,  1900] loss: 0.153 accuracy: 56.66%
[5,  1919] loss: 0.159 accuracy: 56.74%
[5,  1938] loss: 0.162 accuracy: 55.02%
[5,  1957] loss: 0.155 accuracy: 57.32%
[5,  1976] loss: 0.150 accuracy: 58.47%
[5,  1995] loss: 0.157 accuracy: 58.06%
Epoch 5: training accuracy = 51.78%
********** VALIDATION **********
Epoch 5: validation accuracy = 44.00%
[6,    19] loss: 0.138 accuracy: 60.94%
[6,    38] loss: 0.136 accuracy: 61.92%
[6,    57] loss: 0.129 accuracy: 63.57%
[6,    76] loss: 0.135 accuracy: 62.50%
[6,    95] loss: 0.139 accuracy: 60.53%
[6,   114] loss: 0.133 accuracy: 61.76%
[6,   133] loss: 0.136 accuracy: 60.36%
[6,   152] loss: 0.133 accuracy: 62.83%
[6,   171] loss: 0.130 accuracy: 63.65%
[6,   190] loss: 0.133 accuracy: 63.16%
[6,   209] loss: 0.136 accuracy: 61.18%
[6,   228] loss: 0.123 accuracy: 64.47%
[6,   247] loss: 0.137 accuracy: 60.69%
[6,   266] loss: 0.142 accuracy: 60.20%
[6,   285] loss: 0.146 accuracy: 58.22%
[6,   304] loss: 0.136 accuracy: 60.36%
[6,   323] loss: 0.133 accuracy: 61.35%
[6,   342] loss: 0.131 accuracy: 62.83%
[6,   361] loss: 0.138 accuracy: 61.60%
[6,   380] loss: 0.133 accuracy: 61.43%
[6,   399] loss: 0.127 accuracy: 64.31%
[6,   418] loss: 0.129 accuracy: 62.58%
[6,   437] loss: 0.136 accuracy: 62.50%
[6,   456] loss: 0.136 accuracy: 60.12%
[6,   475] loss: 0.135 accuracy: 62.75%
[6,   494] loss: 0.129 accuracy: 63.82%
[6,   513] loss: 0.143 accuracy: 58.39%
[6,   532] loss: 0.135 accuracy: 60.77%
[6,   551] loss: 0.136 accuracy: 62.66%
[6,   570] loss: 0.141 accuracy: 60.03%
[6,   589] loss: 0.131 accuracy: 63.24%
[6,   608] loss: 0.139 accuracy: 61.76%
[6,   627] loss: 0.131 accuracy: 63.40%
[6,   646] loss: 0.154 accuracy: 57.40%
[6,   665] loss: 0.142 accuracy: 59.54%
[6,   684] loss: 0.145 accuracy: 59.87%
[6,   703] loss: 0.134 accuracy: 62.09%
[6,   722] loss: 0.133 accuracy: 63.16%
[6,   741] loss: 0.138 accuracy: 62.01%
[6,   760] loss: 0.140 accuracy: 59.70%
[6,   779] loss: 0.129 accuracy: 62.91%
[6,   798] loss: 0.135 accuracy: 63.08%
[6,   817] loss: 0.141 accuracy: 58.72%
[6,   836] loss: 0.151 accuracy: 58.06%
[6,   855] loss: 0.141 accuracy: 60.94%
[6,   874] loss: 0.142 accuracy: 60.44%
[6,   893] loss: 0.137 accuracy: 61.92%
[6,   912] loss: 0.136 accuracy: 61.10%
[6,   931] loss: 0.139 accuracy: 59.95%
[6,   950] loss: 0.141 accuracy: 60.53%
[6,   969] loss: 0.141 accuracy: 59.21%
[6,   988] loss: 0.134 accuracy: 62.09%
[6,  1007] loss: 0.142 accuracy: 61.68%
[6,  1026] loss: 0.135 accuracy: 62.58%
[6,  1045] loss: 0.141 accuracy: 60.86%
[6,  1064] loss: 0.149 accuracy: 58.72%
[6,  1083] loss: 0.134 accuracy: 62.50%
[6,  1102] loss: 0.141 accuracy: 59.05%
[6,  1121] loss: 0.142 accuracy: 61.76%
[6,  1140] loss: 0.135 accuracy: 61.02%
[6,  1159] loss: 0.135 accuracy: 62.50%
[6,  1178] loss: 0.135 accuracy: 62.34%
[6,  1197] loss: 0.140 accuracy: 60.28%
[6,  1216] loss: 0.140 accuracy: 59.46%
[6,  1235] loss: 0.141 accuracy: 59.13%
[6,  1254] loss: 0.143 accuracy: 60.12%
[6,  1273] loss: 0.135 accuracy: 62.34%
[6,  1292] loss: 0.142 accuracy: 60.69%
[6,  1311] loss: 0.135 accuracy: 61.27%
[6,  1330] loss: 0.139 accuracy: 59.05%
[6,  1349] loss: 0.142 accuracy: 59.87%
[6,  1368] loss: 0.143 accuracy: 59.79%
[6,  1387] loss: 0.132 accuracy: 62.34%
[6,  1406] loss: 0.148 accuracy: 59.70%
[6,  1425] loss: 0.147 accuracy: 58.72%
[6,  1444] loss: 0.139 accuracy: 62.75%
[6,  1463] loss: 0.134 accuracy: 60.86%
[6,  1482] loss: 0.142 accuracy: 59.87%
[6,  1501] loss: 0.145 accuracy: 61.10%
[6,  1520] loss: 0.145 accuracy: 60.03%
[6,  1539] loss: 0.136 accuracy: 62.58%
[6,  1558] loss: 0.149 accuracy: 58.22%
[6,  1577] loss: 0.142 accuracy: 61.60%
[6,  1596] loss: 0.136 accuracy: 61.51%
[6,  1615] loss: 0.146 accuracy: 60.20%
[6,  1634] loss: 0.144 accuracy: 59.38%
[6,  1653] loss: 0.142 accuracy: 61.10%
[6,  1672] loss: 0.140 accuracy: 60.53%
[6,  1691] loss: 0.151 accuracy: 58.31%
[6,  1710] loss: 0.144 accuracy: 59.38%
[6,  1729] loss: 0.143 accuracy: 60.03%
[6,  1748] loss: 0.139 accuracy: 61.27%
[6,  1767] loss: 0.140 accuracy: 59.87%
[6,  1786] loss: 0.139 accuracy: 60.94%
[6,  1805] loss: 0.148 accuracy: 58.55%
[6,  1824] loss: 0.144 accuracy: 60.44%
[6,  1843] loss: 0.141 accuracy: 60.69%
[6,  1862] loss: 0.140 accuracy: 59.79%
[6,  1881] loss: 0.143 accuracy: 60.36%
[6,  1900] loss: 0.138 accuracy: 60.86%
[6,  1919] loss: 0.146 accuracy: 60.28%
[6,  1938] loss: 0.150 accuracy: 56.58%
[6,  1957] loss: 0.147 accuracy: 59.87%
[6,  1976] loss: 0.143 accuracy: 60.44%
[6,  1995] loss: 0.136 accuracy: 62.42%
Epoch 6: training accuracy = 62.85%
********** VALIDATION **********
Epoch 6: validation accuracy = 47.88%
[7,    19] loss: 0.112 accuracy: 66.94%
[7,    38] loss: 0.110 accuracy: 68.50%
[7,    57] loss: 0.110 accuracy: 66.94%
[7,    76] loss: 0.108 accuracy: 68.75%
[7,    95] loss: 0.111 accuracy: 67.19%
[7,   114] loss: 0.116 accuracy: 65.46%
[7,   133] loss: 0.117 accuracy: 67.35%
[7,   152] loss: 0.113 accuracy: 67.35%
[7,   171] loss: 0.107 accuracy: 69.57%
[7,   190] loss: 0.118 accuracy: 66.69%
[7,   209] loss: 0.118 accuracy: 63.73%
[7,   228] loss: 0.127 accuracy: 64.39%
[7,   247] loss: 0.125 accuracy: 64.64%
[7,   266] loss: 0.116 accuracy: 65.87%
[7,   285] loss: 0.122 accuracy: 65.79%
[7,   304] loss: 0.113 accuracy: 67.60%
[7,   323] loss: 0.113 accuracy: 67.85%
[7,   342] loss: 0.115 accuracy: 66.78%
[7,   361] loss: 0.124 accuracy: 65.54%
[7,   380] loss: 0.119 accuracy: 65.54%
[7,   399] loss: 0.119 accuracy: 66.20%
[7,   418] loss: 0.116 accuracy: 65.46%
[7,   437] loss: 0.116 accuracy: 66.20%
[7,   456] loss: 0.116 accuracy: 66.86%
[7,   475] loss: 0.119 accuracy: 65.62%
[7,   494] loss: 0.120 accuracy: 65.21%
[7,   513] loss: 0.121 accuracy: 65.30%
[7,   532] loss: 0.125 accuracy: 63.57%
[7,   551] loss: 0.125 accuracy: 65.13%
[7,   570] loss: 0.114 accuracy: 65.46%
[7,   589] loss: 0.120 accuracy: 66.86%
[7,   608] loss: 0.116 accuracy: 66.28%
[7,   627] loss: 0.124 accuracy: 64.23%
[7,   646] loss: 0.116 accuracy: 67.11%
[7,   665] loss: 0.122 accuracy: 63.90%
[7,   684] loss: 0.119 accuracy: 65.71%
[7,   703] loss: 0.119 accuracy: 65.46%
[7,   722] loss: 0.119 accuracy: 66.20%
[7,   741] loss: 0.122 accuracy: 63.90%
[7,   760] loss: 0.125 accuracy: 64.80%
[7,   779] loss: 0.122 accuracy: 63.49%
[7,   798] loss: 0.121 accuracy: 66.86%
[7,   817] loss: 0.126 accuracy: 64.56%
[7,   836] loss: 0.119 accuracy: 66.78%
[7,   855] loss: 0.118 accuracy: 66.12%
[7,   874] loss: 0.119 accuracy: 66.37%
[7,   893] loss: 0.119 accuracy: 66.78%
[7,   912] loss: 0.121 accuracy: 64.14%
[7,   931] loss: 0.125 accuracy: 64.56%
[7,   950] loss: 0.129 accuracy: 62.50%
[7,   969] loss: 0.119 accuracy: 66.37%
[7,   988] loss: 0.119 accuracy: 67.19%
[7,  1007] loss: 0.127 accuracy: 62.42%
[7,  1026] loss: 0.125 accuracy: 62.75%
[7,  1045] loss: 0.126 accuracy: 63.90%
[7,  1064] loss: 0.118 accuracy: 65.62%
[7,  1083] loss: 0.123 accuracy: 63.82%
[7,  1102] loss: 0.116 accuracy: 67.11%
[7,  1121] loss: 0.127 accuracy: 64.47%
[7,  1140] loss: 0.133 accuracy: 62.09%
[7,  1159] loss: 0.124 accuracy: 65.46%
[7,  1178] loss: 0.124 accuracy: 65.38%
[7,  1197] loss: 0.118 accuracy: 66.28%
[7,  1216] loss: 0.126 accuracy: 64.47%
[7,  1235] loss: 0.119 accuracy: 66.20%
[7,  1254] loss: 0.120 accuracy: 64.14%
[7,  1273] loss: 0.129 accuracy: 63.98%
[7,  1292] loss: 0.122 accuracy: 65.21%
[7,  1311] loss: 0.121 accuracy: 64.64%
[7,  1330] loss: 0.124 accuracy: 63.40%
[7,  1349] loss: 0.130 accuracy: 63.65%
[7,  1368] loss: 0.130 accuracy: 62.42%
[7,  1387] loss: 0.117 accuracy: 67.43%
[7,  1406] loss: 0.119 accuracy: 66.04%
[7,  1425] loss: 0.124 accuracy: 65.54%
[7,  1444] loss: 0.122 accuracy: 65.62%
[7,  1463] loss: 0.129 accuracy: 63.24%
[7,  1482] loss: 0.132 accuracy: 61.27%
[7,  1501] loss: 0.126 accuracy: 64.39%
[7,  1520] loss: 0.133 accuracy: 62.01%
[7,  1539] loss: 0.121 accuracy: 65.13%
[7,  1558] loss: 0.129 accuracy: 62.25%
[7,  1577] loss: 0.126 accuracy: 63.40%
[7,  1596] loss: 0.127 accuracy: 63.65%
[7,  1615] loss: 0.122 accuracy: 66.12%
[7,  1634] loss: 0.123 accuracy: 64.56%
[7,  1653] loss: 0.119 accuracy: 65.05%
[7,  1672] loss: 0.127 accuracy: 63.08%
[7,  1691] loss: 0.127 accuracy: 62.83%
[7,  1710] loss: 0.128 accuracy: 61.51%
[7,  1729] loss: 0.129 accuracy: 63.82%
[7,  1748] loss: 0.137 accuracy: 61.84%
[7,  1767] loss: 0.118 accuracy: 65.95%
[7,  1786] loss: 0.121 accuracy: 64.97%
[7,  1805] loss: 0.128 accuracy: 64.88%
[7,  1824] loss: 0.128 accuracy: 64.06%
[7,  1843] loss: 0.125 accuracy: 62.99%
[7,  1862] loss: 0.120 accuracy: 66.28%
[7,  1881] loss: 0.125 accuracy: 65.13%
[7,  1900] loss: 0.123 accuracy: 65.46%
[7,  1919] loss: 0.123 accuracy: 64.88%
[7,  1938] loss: 0.124 accuracy: 64.80%
[7,  1957] loss: 0.121 accuracy: 65.05%
[7,  1976] loss: 0.123 accuracy: 65.54%
[7,  1995] loss: 0.131 accuracy: 61.51%
Epoch 7: training accuracy = 58.89%
********** VALIDATION **********
Epoch 7: validation accuracy = 47.12%
[8,    19] loss: 0.101 accuracy: 70.81%
[8,    38] loss: 0.095 accuracy: 72.12%
[8,    57] loss: 0.096 accuracy: 73.03%
[8,    76] loss: 0.090 accuracy: 72.29%
[8,    95] loss: 0.099 accuracy: 70.15%
[8,   114] loss: 0.099 accuracy: 71.96%
[8,   133] loss: 0.092 accuracy: 73.03%
[8,   152] loss: 0.095 accuracy: 72.78%
[8,   171] loss: 0.096 accuracy: 71.13%
[8,   190] loss: 0.091 accuracy: 71.63%
[8,   209] loss: 0.106 accuracy: 68.91%
[8,   228] loss: 0.103 accuracy: 70.64%
[8,   247] loss: 0.104 accuracy: 69.90%
[8,   266] loss: 0.101 accuracy: 70.72%
[8,   285] loss: 0.098 accuracy: 71.22%
[8,   304] loss: 0.092 accuracy: 72.86%
[8,   323] loss: 0.100 accuracy: 70.31%
[8,   342] loss: 0.097 accuracy: 70.15%
[8,   361] loss: 0.097 accuracy: 70.89%
[8,   380] loss: 0.108 accuracy: 68.67%
[8,   399] loss: 0.102 accuracy: 69.41%
[8,   418] loss: 0.101 accuracy: 70.07%
[8,   437] loss: 0.102 accuracy: 70.56%
[8,   456] loss: 0.105 accuracy: 68.09%
[8,   475] loss: 0.093 accuracy: 71.55%
[8,   494] loss: 0.103 accuracy: 70.64%
[8,   513] loss: 0.103 accuracy: 69.65%
[8,   532] loss: 0.110 accuracy: 67.43%
[8,   551] loss: 0.102 accuracy: 69.33%
[8,   570] loss: 0.105 accuracy: 68.75%
[8,   589] loss: 0.103 accuracy: 69.57%
[8,   608] loss: 0.102 accuracy: 71.46%
[8,   627] loss: 0.111 accuracy: 67.43%
[8,   646] loss: 0.104 accuracy: 68.83%
[8,   665] loss: 0.102 accuracy: 70.81%
[8,   684] loss: 0.102 accuracy: 70.31%
[8,   703] loss: 0.104 accuracy: 69.33%
[8,   722] loss: 0.108 accuracy: 69.00%
[8,   741] loss: 0.105 accuracy: 69.00%
[8,   760] loss: 0.112 accuracy: 67.68%
[8,   779] loss: 0.111 accuracy: 67.85%
[8,   798] loss: 0.109 accuracy: 67.68%
[8,   817] loss: 0.108 accuracy: 68.67%
[8,   836] loss: 0.103 accuracy: 68.67%
[8,   855] loss: 0.104 accuracy: 70.07%
[8,   874] loss: 0.105 accuracy: 69.49%
[8,   893] loss: 0.107 accuracy: 68.42%
[8,   912] loss: 0.106 accuracy: 69.24%
[8,   931] loss: 0.102 accuracy: 71.46%
[8,   950] loss: 0.101 accuracy: 70.07%
[8,   969] loss: 0.100 accuracy: 69.82%
[8,   988] loss: 0.103 accuracy: 70.81%
[8,  1007] loss: 0.106 accuracy: 68.50%
[8,  1026] loss: 0.113 accuracy: 68.50%
[8,  1045] loss: 0.108 accuracy: 69.74%
[8,  1064] loss: 0.106 accuracy: 69.49%
[8,  1083] loss: 0.105 accuracy: 69.00%
[8,  1102] loss: 0.120 accuracy: 64.72%
[8,  1121] loss: 0.104 accuracy: 69.57%
[8,  1140] loss: 0.101 accuracy: 71.30%
[8,  1159] loss: 0.106 accuracy: 69.90%
[8,  1178] loss: 0.113 accuracy: 66.45%
[8,  1197] loss: 0.105 accuracy: 69.08%
[8,  1216] loss: 0.114 accuracy: 67.11%
[8,  1235] loss: 0.106 accuracy: 69.98%
[8,  1254] loss: 0.107 accuracy: 69.08%
[8,  1273] loss: 0.102 accuracy: 69.24%
[8,  1292] loss: 0.113 accuracy: 67.19%
[8,  1311] loss: 0.103 accuracy: 67.93%
[8,  1330] loss: 0.102 accuracy: 71.46%
[8,  1349] loss: 0.103 accuracy: 69.98%
[8,  1368] loss: 0.103 accuracy: 69.16%
[8,  1387] loss: 0.109 accuracy: 68.75%
[8,  1406] loss: 0.108 accuracy: 68.09%
[8,  1425] loss: 0.115 accuracy: 67.35%
[8,  1444] loss: 0.101 accuracy: 69.82%
[8,  1463] loss: 0.109 accuracy: 68.26%
[8,  1482] loss: 0.114 accuracy: 66.20%
[8,  1501] loss: 0.115 accuracy: 66.53%
[8,  1520] loss: 0.114 accuracy: 67.19%
[8,  1539] loss: 0.113 accuracy: 68.42%
[8,  1558] loss: 0.103 accuracy: 69.74%
[8,  1577] loss: 0.108 accuracy: 70.56%
[8,  1596] loss: 0.107 accuracy: 68.83%
[8,  1615] loss: 0.103 accuracy: 70.81%
[8,  1634] loss: 0.111 accuracy: 67.19%
[8,  1653] loss: 0.113 accuracy: 66.94%
[8,  1672] loss: 0.118 accuracy: 66.78%
[8,  1691] loss: 0.097 accuracy: 72.29%
[8,  1710] loss: 0.107 accuracy: 68.83%
[8,  1729] loss: 0.114 accuracy: 66.69%
[8,  1748] loss: 0.114 accuracy: 66.04%
[8,  1767] loss: 0.118 accuracy: 64.47%
[8,  1786] loss: 0.104 accuracy: 69.49%
[8,  1805] loss: 0.109 accuracy: 68.91%
[8,  1824] loss: 0.108 accuracy: 68.34%
[8,  1843] loss: 0.116 accuracy: 67.43%
[8,  1862] loss: 0.104 accuracy: 70.31%
[8,  1881] loss: 0.110 accuracy: 67.19%
[8,  1900] loss: 0.125 accuracy: 63.32%
[8,  1919] loss: 0.108 accuracy: 68.26%
[8,  1938] loss: 0.110 accuracy: 68.34%
[8,  1957] loss: 0.118 accuracy: 66.45%
[8,  1976] loss: 0.106 accuracy: 69.98%
[8,  1995] loss: 0.106 accuracy: 69.82%
Epoch 8: training accuracy = 69.17%
********** VALIDATION **********
Epoch 8: validation accuracy = 47.88%
[9,    19] loss: 0.081 accuracy: 75.66%
[9,    38] loss: 0.080 accuracy: 77.06%
[9,    57] loss: 0.081 accuracy: 75.74%
[9,    76] loss: 0.077 accuracy: 77.06%
[9,    95] loss: 0.081 accuracy: 76.07%
[9,   114] loss: 0.072 accuracy: 77.96%
[9,   133] loss: 0.082 accuracy: 75.41%
[9,   152] loss: 0.073 accuracy: 77.06%
[9,   171] loss: 0.081 accuracy: 75.82%
[9,   190] loss: 0.081 accuracy: 75.49%
[9,   209] loss: 0.078 accuracy: 76.64%
[9,   228] loss: 0.082 accuracy: 74.34%
[9,   247] loss: 0.083 accuracy: 74.92%
[9,   266] loss: 0.082 accuracy: 75.66%
[9,   285] loss: 0.085 accuracy: 75.16%
[9,   304] loss: 0.085 accuracy: 74.26%
[9,   323] loss: 0.088 accuracy: 72.86%
[9,   342] loss: 0.087 accuracy: 72.94%
[9,   361] loss: 0.094 accuracy: 72.29%
[9,   380] loss: 0.080 accuracy: 74.92%
[9,   399] loss: 0.081 accuracy: 76.07%
[9,   418] loss: 0.084 accuracy: 74.92%
[9,   437] loss: 0.086 accuracy: 73.27%
[9,   456] loss: 0.087 accuracy: 74.84%
[9,   475] loss: 0.082 accuracy: 75.33%
[9,   494] loss: 0.084 accuracy: 73.77%
[9,   513] loss: 0.084 accuracy: 74.59%
[9,   532] loss: 0.084 accuracy: 74.18%
[9,   551] loss: 0.089 accuracy: 73.19%
[9,   570] loss: 0.081 accuracy: 75.99%
[9,   589] loss: 0.078 accuracy: 75.16%
[9,   608] loss: 0.093 accuracy: 72.62%
[9,   627] loss: 0.088 accuracy: 73.85%
[9,   646] loss: 0.090 accuracy: 73.93%
[9,   665] loss: 0.088 accuracy: 74.10%
[9,   684] loss: 0.084 accuracy: 74.26%
[9,   703] loss: 0.097 accuracy: 71.88%
[9,   722] loss: 0.090 accuracy: 72.86%
[9,   741] loss: 0.093 accuracy: 72.53%
[9,   760] loss: 0.097 accuracy: 71.38%
[9,   779] loss: 0.089 accuracy: 74.01%
[9,   798] loss: 0.085 accuracy: 73.93%
[9,   817] loss: 0.085 accuracy: 73.11%
[9,   836] loss: 0.093 accuracy: 73.44%
[9,   855] loss: 0.091 accuracy: 72.62%
[9,   874] loss: 0.084 accuracy: 74.10%
[9,   893] loss: 0.091 accuracy: 72.29%
[9,   912] loss: 0.093 accuracy: 72.70%
[9,   931] loss: 0.090 accuracy: 73.03%
[9,   950] loss: 0.089 accuracy: 72.62%
[9,   969] loss: 0.092 accuracy: 71.63%
[9,   988] loss: 0.090 accuracy: 74.42%
[9,  1007] loss: 0.089 accuracy: 74.26%
[9,  1026] loss: 0.085 accuracy: 74.67%
[9,  1045] loss: 0.087 accuracy: 73.19%
[9,  1064] loss: 0.096 accuracy: 70.81%
[9,  1083] loss: 0.088 accuracy: 72.70%
[9,  1102] loss: 0.091 accuracy: 71.71%
[9,  1121] loss: 0.096 accuracy: 70.81%
[9,  1140] loss: 0.091 accuracy: 72.45%
[9,  1159] loss: 0.093 accuracy: 72.86%
[9,  1178] loss: 0.086 accuracy: 73.19%
[9,  1197] loss: 0.097 accuracy: 72.04%
[9,  1216] loss: 0.102 accuracy: 69.16%
[9,  1235] loss: 0.097 accuracy: 71.13%
[9,  1254] loss: 0.096 accuracy: 69.90%
[9,  1273] loss: 0.096 accuracy: 70.97%
[9,  1292] loss: 0.093 accuracy: 73.03%
[9,  1311] loss: 0.094 accuracy: 72.53%
[9,  1330] loss: 0.089 accuracy: 74.10%
[9,  1349] loss: 0.087 accuracy: 71.96%
[9,  1368] loss: 0.094 accuracy: 71.55%
[9,  1387] loss: 0.093 accuracy: 70.56%
[9,  1406] loss: 0.103 accuracy: 70.07%
[9,  1425] loss: 0.097 accuracy: 69.41%
[9,  1444] loss: 0.095 accuracy: 72.20%
[9,  1463] loss: 0.091 accuracy: 74.26%
[9,  1482] loss: 0.087 accuracy: 73.27%
[9,  1501] loss: 0.094 accuracy: 72.04%
[9,  1520] loss: 0.096 accuracy: 72.20%
[9,  1539] loss: 0.103 accuracy: 68.91%
[9,  1558] loss: 0.092 accuracy: 72.53%
[9,  1577] loss: 0.091 accuracy: 72.12%
[9,  1596] loss: 0.092 accuracy: 72.78%
[9,  1615] loss: 0.094 accuracy: 71.88%
[9,  1634] loss: 0.089 accuracy: 73.27%
[9,  1653] loss: 0.098 accuracy: 69.24%
[9,  1672] loss: 0.085 accuracy: 73.36%
[9,  1691] loss: 0.099 accuracy: 68.17%
[9,  1710] loss: 0.102 accuracy: 71.30%
[9,  1729] loss: 0.099 accuracy: 72.20%
[9,  1748] loss: 0.091 accuracy: 73.52%
[9,  1767] loss: 0.102 accuracy: 69.82%
[9,  1786] loss: 0.082 accuracy: 75.99%
[9,  1805] loss: 0.091 accuracy: 72.20%
[9,  1824] loss: 0.096 accuracy: 71.38%
[9,  1843] loss: 0.096 accuracy: 73.19%
[9,  1862] loss: 0.097 accuracy: 71.30%
[9,  1881] loss: 0.087 accuracy: 72.94%
[9,  1900] loss: 0.088 accuracy: 73.93%
[9,  1919] loss: 0.094 accuracy: 70.81%
[9,  1938] loss: 0.098 accuracy: 71.71%
[9,  1957] loss: 0.102 accuracy: 70.56%
[9,  1976] loss: 0.093 accuracy: 73.03%
[9,  1995] loss: 0.094 accuracy: 71.96%
Epoch 9: training accuracy = 77.47%
********** VALIDATION **********
Epoch 9: validation accuracy = 48.22%
[10,    19] loss: 0.062 accuracy: 80.43%
[10,    38] loss: 0.060 accuracy: 83.22%
[10,    57] loss: 0.059 accuracy: 80.59%
[10,    76] loss: 0.059 accuracy: 81.74%
[10,    95] loss: 0.061 accuracy: 80.84%
[10,   114] loss: 0.068 accuracy: 79.61%
[10,   133] loss: 0.061 accuracy: 81.00%
[10,   152] loss: 0.066 accuracy: 79.85%
[10,   171] loss: 0.066 accuracy: 79.19%
[10,   190] loss: 0.062 accuracy: 79.93%
[10,   209] loss: 0.066 accuracy: 79.85%
[10,   228] loss: 0.066 accuracy: 79.44%
[10,   247] loss: 0.068 accuracy: 79.11%
[10,   266] loss: 0.070 accuracy: 77.63%
[10,   285] loss: 0.064 accuracy: 79.28%
[10,   304] loss: 0.070 accuracy: 78.70%
[10,   323] loss: 0.069 accuracy: 78.21%
[10,   342] loss: 0.067 accuracy: 79.03%
[10,   361] loss: 0.068 accuracy: 77.88%
[10,   380] loss: 0.073 accuracy: 77.71%
[10,   399] loss: 0.069 accuracy: 77.14%
[10,   418] loss: 0.071 accuracy: 78.45%
[10,   437] loss: 0.069 accuracy: 78.62%
[10,   456] loss: 0.075 accuracy: 77.38%
[10,   475] loss: 0.066 accuracy: 78.95%
[10,   494] loss: 0.073 accuracy: 77.30%
[10,   513] loss: 0.068 accuracy: 78.12%
[10,   532] loss: 0.068 accuracy: 78.78%
[10,   551] loss: 0.069 accuracy: 79.52%
[10,   570] loss: 0.073 accuracy: 78.21%
[10,   589] loss: 0.071 accuracy: 78.45%
[10,   608] loss: 0.073 accuracy: 76.40%
[10,   627] loss: 0.070 accuracy: 77.71%
[10,   646] loss: 0.079 accuracy: 76.97%
[10,   665] loss: 0.074 accuracy: 77.38%
[10,   684] loss: 0.071 accuracy: 77.06%
[10,   703] loss: 0.071 accuracy: 77.30%
[10,   722] loss: 0.078 accuracy: 74.75%
[10,   741] loss: 0.076 accuracy: 75.82%
[10,   760] loss: 0.069 accuracy: 78.12%
[10,   779] loss: 0.073 accuracy: 76.56%
[10,   798] loss: 0.072 accuracy: 78.12%
[10,   817] loss: 0.077 accuracy: 76.48%
[10,   836] loss: 0.071 accuracy: 78.04%
[10,   855] loss: 0.083 accuracy: 74.67%
[10,   874] loss: 0.072 accuracy: 77.38%
[10,   893] loss: 0.075 accuracy: 76.81%
[10,   912] loss: 0.073 accuracy: 76.48%
[10,   931] loss: 0.079 accuracy: 75.49%
[10,   950] loss: 0.085 accuracy: 74.51%
[10,   969] loss: 0.084 accuracy: 75.33%
[10,   988] loss: 0.074 accuracy: 77.88%
[10,  1007] loss: 0.073 accuracy: 76.97%
[10,  1026] loss: 0.077 accuracy: 77.38%
[10,  1045] loss: 0.079 accuracy: 76.07%
[10,  1064] loss: 0.070 accuracy: 78.78%
[10,  1083] loss: 0.077 accuracy: 76.97%
[10,  1102] loss: 0.072 accuracy: 77.63%
[10,  1121] loss: 0.070 accuracy: 78.62%
[10,  1140] loss: 0.084 accuracy: 74.59%
[10,  1159] loss: 0.079 accuracy: 76.40%
[10,  1178] loss: 0.067 accuracy: 78.95%
[10,  1197] loss: 0.081 accuracy: 75.66%
[10,  1216] loss: 0.080 accuracy: 75.66%
[10,  1235] loss: 0.085 accuracy: 73.44%
[10,  1254] loss: 0.074 accuracy: 77.96%
[10,  1273] loss: 0.074 accuracy: 76.81%
[10,  1292] loss: 0.081 accuracy: 75.49%
[10,  1311] loss: 0.075 accuracy: 77.71%
[10,  1330] loss: 0.086 accuracy: 74.84%
[10,  1349] loss: 0.085 accuracy: 74.75%
[10,  1368] loss: 0.079 accuracy: 75.49%
[10,  1387] loss: 0.083 accuracy: 75.66%
[10,  1406] loss: 0.082 accuracy: 75.00%
[10,  1425] loss: 0.077 accuracy: 76.07%
[10,  1444] loss: 0.080 accuracy: 75.49%
[10,  1463] loss: 0.081 accuracy: 76.07%
[10,  1482] loss: 0.084 accuracy: 73.85%
[10,  1501] loss: 0.081 accuracy: 73.93%
[10,  1520] loss: 0.079 accuracy: 75.99%
[10,  1539] loss: 0.084 accuracy: 74.51%
[10,  1558] loss: 0.077 accuracy: 77.30%
[10,  1577] loss: 0.075 accuracy: 76.48%
[10,  1596] loss: 0.076 accuracy: 78.21%
[10,  1615] loss: 0.088 accuracy: 72.86%
[10,  1634] loss: 0.080 accuracy: 74.42%
[10,  1653] loss: 0.078 accuracy: 74.26%
[10,  1672] loss: 0.074 accuracy: 76.48%
[10,  1691] loss: 0.079 accuracy: 75.16%
[10,  1710] loss: 0.074 accuracy: 76.97%
[10,  1729] loss: 0.079 accuracy: 74.84%
[10,  1748] loss: 0.089 accuracy: 73.68%
[10,  1767] loss: 0.076 accuracy: 76.15%
[10,  1786] loss: 0.084 accuracy: 73.60%
[10,  1805] loss: 0.079 accuracy: 76.81%
[10,  1824] loss: 0.085 accuracy: 75.33%
[10,  1843] loss: 0.075 accuracy: 78.45%
[10,  1862] loss: 0.081 accuracy: 74.92%
[10,  1881] loss: 0.082 accuracy: 75.08%
[10,  1900] loss: 0.077 accuracy: 76.07%
[10,  1919] loss: 0.080 accuracy: 74.10%
[10,  1938] loss: 0.081 accuracy: 74.10%
[10,  1957] loss: 0.086 accuracy: 72.70%
[10,  1976] loss: 0.085 accuracy: 72.12%
[10,  1995] loss: 0.079 accuracy: 75.66%
Epoch 10: training accuracy = 73.12%
********** VALIDATION **********
Epoch 10: validation accuracy = 47.56%
[11,    19] loss: 0.049 accuracy: 84.05%
[11,    38] loss: 0.047 accuracy: 84.46%
[11,    57] loss: 0.050 accuracy: 83.31%
[11,    76] loss: 0.050 accuracy: 84.87%
[11,    95] loss: 0.046 accuracy: 85.28%
[11,   114] loss: 0.045 accuracy: 85.03%
[11,   133] loss: 0.055 accuracy: 82.65%
[11,   152] loss: 0.048 accuracy: 84.79%
[11,   171] loss: 0.048 accuracy: 84.29%
[11,   190] loss: 0.050 accuracy: 83.55%
[11,   209] loss: 0.058 accuracy: 81.58%
[11,   228] loss: 0.055 accuracy: 82.32%
[11,   247] loss: 0.056 accuracy: 81.00%
[11,   266] loss: 0.057 accuracy: 82.65%
[11,   285] loss: 0.055 accuracy: 81.58%
[11,   304] loss: 0.055 accuracy: 83.22%
[11,   323] loss: 0.054 accuracy: 83.72%
[11,   342] loss: 0.061 accuracy: 80.92%
[11,   361] loss: 0.057 accuracy: 81.25%
[11,   380] loss: 0.058 accuracy: 81.25%
[11,   399] loss: 0.057 accuracy: 81.66%
[11,   418] loss: 0.062 accuracy: 80.35%
[11,   437] loss: 0.053 accuracy: 82.98%
[11,   456] loss: 0.056 accuracy: 81.91%
[11,   475] loss: 0.053 accuracy: 82.48%
[11,   494] loss: 0.056 accuracy: 82.98%
[11,   513] loss: 0.059 accuracy: 81.17%
[11,   532] loss: 0.061 accuracy: 80.92%
[11,   551] loss: 0.056 accuracy: 81.83%
[11,   570] loss: 0.056 accuracy: 81.58%
[11,   589] loss: 0.058 accuracy: 82.98%
[11,   608] loss: 0.060 accuracy: 81.58%
[11,   627] loss: 0.055 accuracy: 81.91%
[11,   646] loss: 0.065 accuracy: 79.44%
[11,   665] loss: 0.060 accuracy: 80.43%
[11,   684] loss: 0.059 accuracy: 82.24%
[11,   703] loss: 0.060 accuracy: 81.58%
[11,   722] loss: 0.056 accuracy: 82.07%
[11,   741] loss: 0.053 accuracy: 81.99%
[11,   760] loss: 0.066 accuracy: 79.61%
[11,   779] loss: 0.059 accuracy: 80.18%
[11,   798] loss: 0.065 accuracy: 78.45%
[11,   817] loss: 0.066 accuracy: 78.29%
[11,   836] loss: 0.063 accuracy: 80.43%
[11,   855] loss: 0.061 accuracy: 78.95%
[11,   874] loss: 0.058 accuracy: 81.09%
[11,   893] loss: 0.062 accuracy: 80.84%
[11,   912] loss: 0.063 accuracy: 80.10%
[11,   931] loss: 0.058 accuracy: 81.50%
[11,   950] loss: 0.061 accuracy: 81.74%
[11,   969] loss: 0.067 accuracy: 78.29%
[11,   988] loss: 0.068 accuracy: 79.19%
[11,  1007] loss: 0.064 accuracy: 79.03%
[11,  1026] loss: 0.064 accuracy: 79.28%
[11,  1045] loss: 0.067 accuracy: 78.04%
[11,  1064] loss: 0.063 accuracy: 79.03%
[11,  1083] loss: 0.061 accuracy: 79.36%
[11,  1102] loss: 0.066 accuracy: 78.95%
[11,  1121] loss: 0.058 accuracy: 80.92%
[11,  1140] loss: 0.067 accuracy: 79.77%
[11,  1159] loss: 0.065 accuracy: 80.26%
[11,  1178] loss: 0.060 accuracy: 81.50%
[11,  1197] loss: 0.068 accuracy: 78.62%
[11,  1216] loss: 0.069 accuracy: 78.70%
[11,  1235] loss: 0.070 accuracy: 77.71%
[11,  1254] loss: 0.064 accuracy: 78.87%
[11,  1273] loss: 0.061 accuracy: 81.25%
[11,  1292] loss: 0.064 accuracy: 80.10%
[11,  1311] loss: 0.059 accuracy: 81.17%
[11,  1330] loss: 0.060 accuracy: 80.92%
[11,  1349] loss: 0.065 accuracy: 79.28%
[11,  1368] loss: 0.062 accuracy: 80.67%
[11,  1387] loss: 0.068 accuracy: 79.19%
[11,  1406] loss: 0.067 accuracy: 78.95%
[11,  1425] loss: 0.058 accuracy: 81.83%
[11,  1444] loss: 0.061 accuracy: 80.10%
[11,  1463] loss: 0.063 accuracy: 80.26%
[11,  1482] loss: 0.056 accuracy: 83.72%
[11,  1501] loss: 0.061 accuracy: 81.91%
[11,  1520] loss: 0.067 accuracy: 78.95%
[11,  1539] loss: 0.066 accuracy: 78.37%
[11,  1558] loss: 0.068 accuracy: 78.45%
[11,  1577] loss: 0.066 accuracy: 79.93%
[11,  1596] loss: 0.072 accuracy: 78.45%
[11,  1615] loss: 0.061 accuracy: 81.17%
[11,  1634] loss: 0.067 accuracy: 78.62%
[11,  1653] loss: 0.071 accuracy: 77.38%
[11,  1672] loss: 0.068 accuracy: 79.28%
[11,  1691] loss: 0.067 accuracy: 78.87%
[11,  1710] loss: 0.066 accuracy: 79.11%
[11,  1729] loss: 0.073 accuracy: 76.97%
[11,  1748] loss: 0.068 accuracy: 78.87%
[11,  1767] loss: 0.066 accuracy: 80.35%
[11,  1786] loss: 0.071 accuracy: 77.06%
[11,  1805] loss: 0.069 accuracy: 79.52%
[11,  1824] loss: 0.070 accuracy: 76.48%
[11,  1843] loss: 0.065 accuracy: 79.11%
[11,  1862] loss: 0.069 accuracy: 78.95%
[11,  1881] loss: 0.069 accuracy: 78.04%
[11,  1900] loss: 0.069 accuracy: 78.04%
[11,  1919] loss: 0.066 accuracy: 78.70%
[11,  1938] loss: 0.073 accuracy: 78.78%
[11,  1957] loss: 0.070 accuracy: 79.19%
[11,  1976] loss: 0.076 accuracy: 75.99%
[11,  1995] loss: 0.067 accuracy: 79.03%
Epoch 11: training accuracy = 75.89%
********** VALIDATION **********
Epoch 11: validation accuracy = 48.94%
[12,    19] loss: 0.037 accuracy: 88.16%
[12,    38] loss: 0.035 accuracy: 89.72%
[12,    57] loss: 0.035 accuracy: 87.75%
[12,    76] loss: 0.032 accuracy: 88.82%
[12,    95] loss: 0.043 accuracy: 86.02%
[12,   114] loss: 0.040 accuracy: 87.58%
[12,   133] loss: 0.036 accuracy: 87.34%
[12,   152] loss: 0.041 accuracy: 86.02%
[12,   171] loss: 0.038 accuracy: 87.99%
[12,   190] loss: 0.042 accuracy: 86.10%
[12,   209] loss: 0.043 accuracy: 86.02%
[12,   228] loss: 0.040 accuracy: 86.60%
[12,   247] loss: 0.041 accuracy: 87.34%
[12,   266] loss: 0.047 accuracy: 86.10%
[12,   285] loss: 0.042 accuracy: 86.10%
