**************** CONFIGURATION **************** {'dataset_index': 3, 'model_name': 'ResNet50', 'adaptation': True, 'adaptation_pretrained': True, 'cnn_pretrained': False, 'self_pretrained': True, 'view_adaptated_image': False, 'resume': True, 'pretrain': False, 'pretrain_classes': 600, 'test': False, 'batch_size': 64, 'num_epochs': 15, 'learning_rate': 0.004, 'optimizer': 'SGD', 'training_round': 1}**************** TIMESTAMP **************** 2023-04-21 14:05:28.945735**************** ROUND 1 ****************[1,    19] loss: 0.185 accuracy: 49.42%
[1,    38] loss: 0.167 accuracy: 54.61%
[1,    57] loss: 0.155 accuracy: 54.85%
[1,    76] loss: 0.150 accuracy: 58.72%
[1,    95] loss: 0.140 accuracy: 60.20%
[1,   114] loss: 0.152 accuracy: 57.57%
[1,   133] loss: 0.140 accuracy: 61.18%
[1,   152] loss: 0.141 accuracy: 59.21%
[1,   171] loss: 0.140 accuracy: 59.70%
[1,   190] loss: 0.141 accuracy: 60.03%
[1,   209] loss: 0.136 accuracy: 59.05%
[1,   228] loss: 0.139 accuracy: 59.13%
[1,   247] loss: 0.140 accuracy: 61.02%
[1,   266] loss: 0.134 accuracy: 60.94%
[1,   285] loss: 0.138 accuracy: 59.79%
[1,   304] loss: 0.135 accuracy: 59.95%
[1,   323] loss: 0.143 accuracy: 59.38%
[1,   342] loss: 0.138 accuracy: 61.10%
[1,   361] loss: 0.141 accuracy: 57.73%
[1,   380] loss: 0.140 accuracy: 59.13%
[1,   399] loss: 0.150 accuracy: 56.00%
[1,   418] loss: 0.130 accuracy: 62.66%
[1,   437] loss: 0.137 accuracy: 60.44%
[1,   456] loss: 0.133 accuracy: 61.18%
[1,   475] loss: 0.148 accuracy: 58.96%
[1,   494] loss: 0.140 accuracy: 61.76%
[1,   513] loss: 0.131 accuracy: 61.76%
[1,   532] loss: 0.145 accuracy: 59.29%
[1,   551] loss: 0.131 accuracy: 63.24%
[1,   570] loss: 0.139 accuracy: 60.20%
[1,   589] loss: 0.136 accuracy: 61.51%
[1,   608] loss: 0.146 accuracy: 58.72%
[1,   627] loss: 0.144 accuracy: 59.62%
[1,   646] loss: 0.133 accuracy: 61.27%
[1,   665] loss: 0.132 accuracy: 62.42%
[1,   684] loss: 0.139 accuracy: 61.10%
[1,   703] loss: 0.131 accuracy: 62.75%
[1,   722] loss: 0.137 accuracy: 60.20%
[1,   741] loss: 0.140 accuracy: 59.38%
[1,   760] loss: 0.134 accuracy: 61.92%
[1,   779] loss: 0.142 accuracy: 60.86%
[1,   798] loss: 0.141 accuracy: 61.68%
[1,   817] loss: 0.136 accuracy: 60.69%
[1,   836] loss: 0.124 accuracy: 64.14%
[1,   855] loss: 0.134 accuracy: 62.09%
[1,   874] loss: 0.138 accuracy: 60.86%
[1,   893] loss: 0.142 accuracy: 60.44%
[1,   912] loss: 0.131 accuracy: 62.17%
[1,   931] loss: 0.133 accuracy: 62.25%
[1,   950] loss: 0.141 accuracy: 61.10%
[1,   969] loss: 0.134 accuracy: 60.77%
[1,   988] loss: 0.144 accuracy: 60.53%
[1,  1007] loss: 0.132 accuracy: 62.66%
[1,  1026] loss: 0.139 accuracy: 61.27%
[1,  1045] loss: 0.141 accuracy: 60.36%
[1,  1064] loss: 0.131 accuracy: 63.40%
[1,  1083] loss: 0.123 accuracy: 63.40%
[1,  1102] loss: 0.139 accuracy: 60.77%
[1,  1121] loss: 0.127 accuracy: 65.05%
[1,  1140] loss: 0.135 accuracy: 60.44%
[1,  1159] loss: 0.144 accuracy: 59.38%
[1,  1178] loss: 0.136 accuracy: 60.86%
[1,  1197] loss: 0.132 accuracy: 63.24%
[1,  1216] loss: 0.127 accuracy: 64.31%
[1,  1235] loss: 0.127 accuracy: 63.24%
[1,  1254] loss: 0.123 accuracy: 65.54%
[1,  1273] loss: 0.136 accuracy: 62.25%
[1,  1292] loss: 0.134 accuracy: 62.17%
[1,  1311] loss: 0.130 accuracy: 62.34%
[1,  1330] loss: 0.127 accuracy: 63.73%
[1,  1349] loss: 0.137 accuracy: 61.43%
[1,  1368] loss: 0.131 accuracy: 62.50%
[1,  1387] loss: 0.130 accuracy: 63.16%
[1,  1406] loss: 0.128 accuracy: 61.92%
[1,  1425] loss: 0.126 accuracy: 65.71%
[1,  1444] loss: 0.134 accuracy: 61.60%
[1,  1463] loss: 0.134 accuracy: 62.66%
[1,  1482] loss: 0.130 accuracy: 63.65%
[1,  1501] loss: 0.128 accuracy: 65.71%
[1,  1520] loss: 0.133 accuracy: 61.92%
[1,  1539] loss: 0.125 accuracy: 63.90%
[1,  1558] loss: 0.129 accuracy: 62.01%
[1,  1577] loss: 0.131 accuracy: 62.75%
[1,  1596] loss: 0.129 accuracy: 64.23%
[1,  1615] loss: 0.121 accuracy: 65.71%
[1,  1634] loss: 0.125 accuracy: 63.08%
[1,  1653] loss: 0.127 accuracy: 64.88%
[1,  1672] loss: 0.128 accuracy: 63.57%
[1,  1691] loss: 0.135 accuracy: 62.66%
[1,  1710] loss: 0.116 accuracy: 66.86%
[1,  1729] loss: 0.134 accuracy: 61.68%
[1,  1748] loss: 0.124 accuracy: 63.65%
[1,  1767] loss: 0.130 accuracy: 64.31%
[1,  1786] loss: 0.129 accuracy: 64.64%
[1,  1805] loss: 0.137 accuracy: 61.51%
[1,  1824] loss: 0.128 accuracy: 64.39%
[1,  1843] loss: 0.118 accuracy: 66.78%
[1,  1862] loss: 0.128 accuracy: 63.49%
[1,  1881] loss: 0.132 accuracy: 60.86%
[1,  1900] loss: 0.138 accuracy: 60.20%
[1,  1919] loss: 0.121 accuracy: 64.31%
[1,  1938] loss: 0.131 accuracy: 61.84%
[1,  1957] loss: 0.133 accuracy: 62.25%
[1,  1976] loss: 0.142 accuracy: 61.10%
[1,  1995] loss: 0.129 accuracy: 62.50%
Epoch 1: training accuracy = 60.47%
********** VALIDATION **********
Epoch 1: validation accuracy = 55.42%
[2,    19] loss: 0.122 accuracy: 66.28%
[2,    38] loss: 0.115 accuracy: 64.97%
[2,    57] loss: 0.115 accuracy: 66.69%
[2,    76] loss: 0.108 accuracy: 68.42%
[2,    95] loss: 0.112 accuracy: 67.43%
[2,   114] loss: 0.105 accuracy: 68.01%
[2,   133] loss: 0.102 accuracy: 70.97%
[2,   152] loss: 0.101 accuracy: 70.56%
[2,   171] loss: 0.110 accuracy: 68.26%
[2,   190] loss: 0.096 accuracy: 72.53%
[2,   209] loss: 0.102 accuracy: 69.33%
[2,   228] loss: 0.108 accuracy: 68.50%
[2,   247] loss: 0.102 accuracy: 69.90%
[2,   266] loss: 0.099 accuracy: 72.45%
[2,   285] loss: 0.102 accuracy: 70.72%
[2,   304] loss: 0.099 accuracy: 71.71%
[2,   323] loss: 0.109 accuracy: 68.09%
[2,   342] loss: 0.099 accuracy: 71.46%
[2,   361] loss: 0.099 accuracy: 70.31%
[2,   380] loss: 0.096 accuracy: 72.20%
[2,   399] loss: 0.096 accuracy: 71.22%
[2,   418] loss: 0.104 accuracy: 70.31%
[2,   437] loss: 0.096 accuracy: 71.13%
[2,   456] loss: 0.100 accuracy: 70.89%
[2,   475] loss: 0.106 accuracy: 69.24%
[2,   494] loss: 0.103 accuracy: 68.50%
[2,   513] loss: 0.099 accuracy: 71.88%
[2,   532] loss: 0.101 accuracy: 70.89%
[2,   551] loss: 0.100 accuracy: 70.72%
[2,   570] loss: 0.106 accuracy: 69.74%
[2,   589] loss: 0.101 accuracy: 70.89%
[2,   608] loss: 0.094 accuracy: 72.20%
[2,   627] loss: 0.105 accuracy: 69.57%
[2,   646] loss: 0.106 accuracy: 69.24%
[2,   665] loss: 0.098 accuracy: 71.55%
[2,   684] loss: 0.106 accuracy: 69.90%
[2,   703] loss: 0.100 accuracy: 70.72%
[2,   722] loss: 0.098 accuracy: 71.30%
[2,   741] loss: 0.096 accuracy: 71.13%
[2,   760] loss: 0.108 accuracy: 69.74%
[2,   779] loss: 0.104 accuracy: 68.67%
[2,   798] loss: 0.097 accuracy: 71.13%
[2,   817] loss: 0.093 accuracy: 72.70%
[2,   836] loss: 0.105 accuracy: 69.16%
[2,   855] loss: 0.098 accuracy: 71.55%
[2,   874] loss: 0.093 accuracy: 70.39%
[2,   893] loss: 0.098 accuracy: 71.13%
[2,   912] loss: 0.102 accuracy: 70.89%
[2,   931] loss: 0.106 accuracy: 69.24%
[2,   950] loss: 0.101 accuracy: 70.23%
[2,   969] loss: 0.095 accuracy: 72.20%
[2,   988] loss: 0.104 accuracy: 70.56%
[2,  1007] loss: 0.102 accuracy: 69.57%
[2,  1026] loss: 0.113 accuracy: 66.53%
[2,  1045] loss: 0.098 accuracy: 71.46%
[2,  1064] loss: 0.108 accuracy: 68.91%
[2,  1083] loss: 0.097 accuracy: 71.96%
[2,  1102] loss: 0.104 accuracy: 71.38%
[2,  1121] loss: 0.096 accuracy: 72.37%
[2,  1140] loss: 0.108 accuracy: 68.34%
[2,  1159] loss: 0.098 accuracy: 70.48%
[2,  1178] loss: 0.098 accuracy: 69.74%
[2,  1197] loss: 0.100 accuracy: 70.97%
[2,  1216] loss: 0.096 accuracy: 71.88%
[2,  1235] loss: 0.099 accuracy: 69.90%
[2,  1254] loss: 0.095 accuracy: 70.64%
[2,  1273] loss: 0.109 accuracy: 69.16%
[2,  1292] loss: 0.105 accuracy: 69.65%
[2,  1311] loss: 0.102 accuracy: 70.48%
[2,  1330] loss: 0.093 accuracy: 72.62%
[2,  1349] loss: 0.094 accuracy: 71.79%
[2,  1368] loss: 0.110 accuracy: 66.94%
[2,  1387] loss: 0.099 accuracy: 71.13%
[2,  1406] loss: 0.101 accuracy: 69.16%
[2,  1425] loss: 0.100 accuracy: 71.13%
[2,  1444] loss: 0.099 accuracy: 72.86%
[2,  1463] loss: 0.103 accuracy: 69.74%
[2,  1482] loss: 0.107 accuracy: 69.24%
[2,  1501] loss: 0.102 accuracy: 69.33%
[2,  1520] loss: 0.102 accuracy: 69.49%
[2,  1539] loss: 0.096 accuracy: 73.36%
[2,  1558] loss: 0.101 accuracy: 72.04%
[2,  1577] loss: 0.101 accuracy: 70.39%
[2,  1596] loss: 0.097 accuracy: 71.96%
[2,  1615] loss: 0.107 accuracy: 68.67%
[2,  1634] loss: 0.097 accuracy: 71.79%
[2,  1653] loss: 0.100 accuracy: 71.13%
[2,  1672] loss: 0.101 accuracy: 70.31%
[2,  1691] loss: 0.098 accuracy: 71.71%
[2,  1710] loss: 0.098 accuracy: 71.71%
[2,  1729] loss: 0.094 accuracy: 71.13%
[2,  1748] loss: 0.093 accuracy: 73.36%
[2,  1767] loss: 0.118 accuracy: 67.68%
[2,  1786] loss: 0.103 accuracy: 70.72%
[2,  1805] loss: 0.103 accuracy: 69.90%
[2,  1824] loss: 0.103 accuracy: 70.23%
[2,  1843] loss: 0.096 accuracy: 71.88%
[2,  1862] loss: 0.101 accuracy: 69.00%
[2,  1881] loss: 0.105 accuracy: 69.00%
[2,  1900] loss: 0.103 accuracy: 69.16%
[2,  1919] loss: 0.105 accuracy: 69.33%
[2,  1938] loss: 0.107 accuracy: 69.41%
[2,  1957] loss: 0.098 accuracy: 72.20%
[2,  1976] loss: 0.088 accuracy: 74.18%
[2,  1995] loss: 0.097 accuracy: 71.05%
Epoch 2: training accuracy = 77.87%
********** VALIDATION **********
Epoch 2: validation accuracy = 56.86%
[3,    19] loss: 0.086 accuracy: 75.25%
[3,    38] loss: 0.086 accuracy: 74.59%
[3,    57] loss: 0.085 accuracy: 75.33%
[3,    76] loss: 0.073 accuracy: 78.54%
[3,    95] loss: 0.087 accuracy: 74.59%
[3,   114] loss: 0.082 accuracy: 76.56%
[3,   133] loss: 0.083 accuracy: 75.25%
[3,   152] loss: 0.083 accuracy: 76.07%
[3,   171] loss: 0.089 accuracy: 73.85%
[3,   190] loss: 0.090 accuracy: 73.68%
[3,   209] loss: 0.092 accuracy: 73.11%
[3,   228] loss: 0.081 accuracy: 75.08%
[3,   247] loss: 0.078 accuracy: 75.82%
[3,   266] loss: 0.088 accuracy: 74.42%
[3,   285] loss: 0.080 accuracy: 75.49%
[3,   304] loss: 0.081 accuracy: 76.32%
[3,   323] loss: 0.084 accuracy: 74.92%
[3,   342] loss: 0.091 accuracy: 72.53%
[3,   361] loss: 0.087 accuracy: 73.93%
[3,   380] loss: 0.088 accuracy: 74.10%
[3,   399] loss: 0.088 accuracy: 72.94%
[3,   418] loss: 0.086 accuracy: 72.04%
[3,   437] loss: 0.088 accuracy: 74.34%
[3,   456] loss: 0.087 accuracy: 73.52%
[3,   475] loss: 0.090 accuracy: 72.62%
[3,   494] loss: 0.086 accuracy: 75.33%
[3,   513] loss: 0.088 accuracy: 73.36%
[3,   532] loss: 0.096 accuracy: 70.89%
[3,   551] loss: 0.085 accuracy: 73.36%
[3,   570] loss: 0.101 accuracy: 70.39%
[3,   589] loss: 0.091 accuracy: 75.33%
[3,   608] loss: 0.090 accuracy: 74.18%
[3,   627] loss: 0.088 accuracy: 73.68%
[3,   646] loss: 0.090 accuracy: 74.34%
[3,   665] loss: 0.089 accuracy: 74.75%
[3,   684] loss: 0.086 accuracy: 75.00%
[3,   703] loss: 0.084 accuracy: 73.68%
[3,   722] loss: 0.086 accuracy: 75.08%
[3,   741] loss: 0.085 accuracy: 75.58%
[3,   760] loss: 0.086 accuracy: 74.01%
[3,   779] loss: 0.082 accuracy: 75.00%
[3,   798] loss: 0.091 accuracy: 73.19%
[3,   817] loss: 0.092 accuracy: 72.78%
[3,   836] loss: 0.082 accuracy: 75.41%
[3,   855] loss: 0.084 accuracy: 75.90%
[3,   874] loss: 0.090 accuracy: 72.70%
[3,   893] loss: 0.093 accuracy: 72.29%
[3,   912] loss: 0.088 accuracy: 74.26%
[3,   931] loss: 0.089 accuracy: 73.44%
[3,   950] loss: 0.091 accuracy: 73.27%
[3,   969] loss: 0.089 accuracy: 74.42%
[3,   988] loss: 0.086 accuracy: 74.01%
[3,  1007] loss: 0.090 accuracy: 74.67%
[3,  1026] loss: 0.089 accuracy: 74.18%
[3,  1045] loss: 0.093 accuracy: 72.45%
[3,  1064] loss: 0.087 accuracy: 75.58%
[3,  1083] loss: 0.100 accuracy: 70.15%
[3,  1102] loss: 0.093 accuracy: 73.77%
[3,  1121] loss: 0.092 accuracy: 72.53%
[3,  1140] loss: 0.092 accuracy: 72.29%
[3,  1159] loss: 0.082 accuracy: 74.92%
[3,  1178] loss: 0.085 accuracy: 74.42%
[3,  1197] loss: 0.087 accuracy: 73.60%
[3,  1216] loss: 0.090 accuracy: 74.10%
[3,  1235] loss: 0.091 accuracy: 73.44%
[3,  1254] loss: 0.091 accuracy: 71.88%
[3,  1273] loss: 0.087 accuracy: 74.59%
[3,  1292] loss: 0.082 accuracy: 75.90%
[3,  1311] loss: 0.090 accuracy: 73.52%
[3,  1330] loss: 0.095 accuracy: 72.29%
[3,  1349] loss: 0.097 accuracy: 71.38%
[3,  1368] loss: 0.090 accuracy: 72.04%
[3,  1387] loss: 0.092 accuracy: 71.55%
[3,  1406] loss: 0.092 accuracy: 72.04%
[3,  1425] loss: 0.092 accuracy: 72.70%
[3,  1444] loss: 0.090 accuracy: 73.27%
[3,  1463] loss: 0.088 accuracy: 73.60%
[3,  1482] loss: 0.087 accuracy: 75.49%
[3,  1501] loss: 0.089 accuracy: 72.04%
[3,  1520] loss: 0.089 accuracy: 74.26%
[3,  1539] loss: 0.089 accuracy: 72.62%
[3,  1558] loss: 0.093 accuracy: 72.70%
[3,  1577] loss: 0.085 accuracy: 74.18%
[3,  1596] loss: 0.088 accuracy: 73.68%
[3,  1615] loss: 0.082 accuracy: 75.08%
[3,  1634] loss: 0.094 accuracy: 72.62%
[3,  1653] loss: 0.088 accuracy: 74.26%
[3,  1672] loss: 0.091 accuracy: 73.52%
[3,  1691] loss: 0.094 accuracy: 72.20%
[3,  1710] loss: 0.088 accuracy: 72.78%
[3,  1729] loss: 0.093 accuracy: 73.36%
[3,  1748] loss: 0.090 accuracy: 72.94%
[3,  1767] loss: 0.084 accuracy: 74.01%
[3,  1786] loss: 0.095 accuracy: 72.12%
[3,  1805] loss: 0.088 accuracy: 72.78%
[3,  1824] loss: 0.080 accuracy: 77.30%
[3,  1843] loss: 0.086 accuracy: 74.01%
[3,  1862] loss: 0.092 accuracy: 73.36%
[3,  1881] loss: 0.095 accuracy: 71.46%
[3,  1900] loss: 0.094 accuracy: 71.71%
[3,  1919] loss: 0.091 accuracy: 72.37%
[3,  1938] loss: 0.083 accuracy: 76.07%
[3,  1957] loss: 0.096 accuracy: 71.55%
[3,  1976] loss: 0.097 accuracy: 71.88%
[3,  1995] loss: 0.090 accuracy: 73.52%
Epoch 3: training accuracy = 68.77%
********** VALIDATION **********
Epoch 3: validation accuracy = 57.68%
[4,    19] loss: 0.068 accuracy: 78.87%
[4,    38] loss: 0.074 accuracy: 78.70%
[4,    57] loss: 0.070 accuracy: 79.44%
[4,    76] loss: 0.073 accuracy: 78.70%
[4,    95] loss: 0.074 accuracy: 77.80%
[4,   114] loss: 0.071 accuracy: 78.04%
[4,   133] loss: 0.063 accuracy: 80.10%
[4,   152] loss: 0.076 accuracy: 77.38%
[4,   171] loss: 0.070 accuracy: 79.52%
[4,   190] loss: 0.074 accuracy: 78.78%
[4,   209] loss: 0.064 accuracy: 79.44%
[4,   228] loss: 0.071 accuracy: 79.28%
[4,   247] loss: 0.078 accuracy: 77.71%
[4,   266] loss: 0.074 accuracy: 77.38%
[4,   285] loss: 0.074 accuracy: 77.38%
[4,   304] loss: 0.068 accuracy: 78.62%
[4,   323] loss: 0.069 accuracy: 78.04%
[4,   342] loss: 0.077 accuracy: 77.22%
[4,   361] loss: 0.074 accuracy: 78.37%
[4,   380] loss: 0.076 accuracy: 75.66%
[4,   399] loss: 0.070 accuracy: 77.88%
[4,   418] loss: 0.069 accuracy: 79.19%
[4,   437] loss: 0.069 accuracy: 79.69%
[4,   456] loss: 0.076 accuracy: 76.64%
[4,   475] loss: 0.074 accuracy: 77.14%
[4,   494] loss: 0.076 accuracy: 78.37%
[4,   513] loss: 0.078 accuracy: 76.64%
[4,   532] loss: 0.073 accuracy: 76.89%
[4,   551] loss: 0.080 accuracy: 75.49%
[4,   570] loss: 0.078 accuracy: 75.99%
[4,   589] loss: 0.073 accuracy: 79.03%
[4,   608] loss: 0.069 accuracy: 79.69%
[4,   627] loss: 0.078 accuracy: 76.48%
[4,   646] loss: 0.075 accuracy: 76.48%
[4,   665] loss: 0.082 accuracy: 75.41%
[4,   684] loss: 0.077 accuracy: 77.14%
[4,   703] loss: 0.075 accuracy: 76.56%
[4,   722] loss: 0.081 accuracy: 75.99%
[4,   741] loss: 0.080 accuracy: 75.58%
[4,   760] loss: 0.084 accuracy: 74.42%
[4,   779] loss: 0.075 accuracy: 76.23%
[4,   798] loss: 0.074 accuracy: 77.55%
[4,   817] loss: 0.080 accuracy: 76.48%
[4,   836] loss: 0.081 accuracy: 76.15%
[4,   855] loss: 0.080 accuracy: 76.48%
[4,   874] loss: 0.082 accuracy: 75.00%
[4,   893] loss: 0.074 accuracy: 75.58%
[4,   912] loss: 0.081 accuracy: 75.99%
[4,   931] loss: 0.079 accuracy: 75.74%
[4,   950] loss: 0.079 accuracy: 76.15%
[4,   969] loss: 0.088 accuracy: 72.78%
[4,   988] loss: 0.079 accuracy: 75.08%
[4,  1007] loss: 0.078 accuracy: 75.99%
[4,  1026] loss: 0.080 accuracy: 75.49%
[4,  1045] loss: 0.081 accuracy: 75.49%
[4,  1064] loss: 0.087 accuracy: 74.84%
[4,  1083] loss: 0.084 accuracy: 74.75%
[4,  1102] loss: 0.082 accuracy: 74.67%
[4,  1121] loss: 0.085 accuracy: 74.34%
[4,  1140] loss: 0.080 accuracy: 75.90%
[4,  1159] loss: 0.084 accuracy: 73.93%
[4,  1178] loss: 0.074 accuracy: 77.63%
[4,  1197] loss: 0.082 accuracy: 74.59%
[4,  1216] loss: 0.076 accuracy: 77.88%
[4,  1235] loss: 0.067 accuracy: 79.44%
[4,  1254] loss: 0.074 accuracy: 77.06%
[4,  1273] loss: 0.069 accuracy: 79.44%
[4,  1292] loss: 0.075 accuracy: 77.06%
[4,  1311] loss: 0.073 accuracy: 78.04%
[4,  1330] loss: 0.078 accuracy: 75.41%
[4,  1349] loss: 0.076 accuracy: 76.73%
[4,  1368] loss: 0.085 accuracy: 76.15%
[4,  1387] loss: 0.079 accuracy: 75.16%
[4,  1406] loss: 0.071 accuracy: 77.71%
[4,  1425] loss: 0.078 accuracy: 76.89%
[4,  1444] loss: 0.084 accuracy: 73.93%
[4,  1463] loss: 0.081 accuracy: 75.25%
[4,  1482] loss: 0.077 accuracy: 76.15%
[4,  1501] loss: 0.072 accuracy: 77.88%
[4,  1520] loss: 0.084 accuracy: 75.41%
[4,  1539] loss: 0.077 accuracy: 76.56%
[4,  1558] loss: 0.080 accuracy: 76.23%
[4,  1577] loss: 0.075 accuracy: 77.30%
[4,  1596] loss: 0.080 accuracy: 75.90%
[4,  1615] loss: 0.083 accuracy: 75.41%
[4,  1634] loss: 0.079 accuracy: 75.49%
[4,  1653] loss: 0.085 accuracy: 73.52%
[4,  1672] loss: 0.085 accuracy: 73.36%
[4,  1691] loss: 0.075 accuracy: 76.89%
[4,  1710] loss: 0.079 accuracy: 77.14%
[4,  1729] loss: 0.079 accuracy: 76.07%
[4,  1748] loss: 0.077 accuracy: 76.56%
[4,  1767] loss: 0.083 accuracy: 73.85%
[4,  1786] loss: 0.084 accuracy: 74.92%
[4,  1805] loss: 0.079 accuracy: 76.64%
[4,  1824] loss: 0.084 accuracy: 74.42%
[4,  1843] loss: 0.079 accuracy: 75.90%
[4,  1862] loss: 0.076 accuracy: 76.56%
[4,  1881] loss: 0.086 accuracy: 74.92%
[4,  1900] loss: 0.079 accuracy: 75.66%
[4,  1919] loss: 0.074 accuracy: 77.47%
[4,  1938] loss: 0.074 accuracy: 77.63%
[4,  1957] loss: 0.078 accuracy: 76.97%
[4,  1976] loss: 0.075 accuracy: 78.12%
[4,  1995] loss: 0.076 accuracy: 78.04%
Epoch 4: training accuracy = 74.70%
********** VALIDATION **********
Epoch 4: validation accuracy = 56.46%
[5,    19] loss: 0.060 accuracy: 80.84%
[5,    38] loss: 0.065 accuracy: 81.33%
[5,    57] loss: 0.061 accuracy: 80.92%
[5,    76] loss: 0.061 accuracy: 80.51%
[5,    95] loss: 0.062 accuracy: 81.58%
[5,   114] loss: 0.054 accuracy: 81.91%
[5,   133] loss: 0.054 accuracy: 83.96%
[5,   152] loss: 0.054 accuracy: 82.81%
[5,   171] loss: 0.071 accuracy: 79.03%
[5,   190] loss: 0.068 accuracy: 80.43%
[5,   209] loss: 0.056 accuracy: 82.98%
[5,   228] loss: 0.070 accuracy: 79.19%
[5,   247] loss: 0.069 accuracy: 79.61%
[5,   266] loss: 0.066 accuracy: 80.51%
[5,   285] loss: 0.053 accuracy: 83.47%
[5,   304] loss: 0.065 accuracy: 78.70%
[5,   323] loss: 0.060 accuracy: 81.91%
[5,   342] loss: 0.065 accuracy: 80.10%
[5,   361] loss: 0.060 accuracy: 80.84%
[5,   380] loss: 0.061 accuracy: 81.58%
[5,   399] loss: 0.066 accuracy: 78.62%
[5,   418] loss: 0.064 accuracy: 80.35%
[5,   437] loss: 0.063 accuracy: 80.02%
[5,   456] loss: 0.066 accuracy: 80.02%
[5,   475] loss: 0.062 accuracy: 80.35%
[5,   494] loss: 0.072 accuracy: 77.63%
[5,   513] loss: 0.062 accuracy: 80.26%
[5,   532] loss: 0.066 accuracy: 81.17%
[5,   551] loss: 0.066 accuracy: 79.52%
[5,   570] loss: 0.068 accuracy: 78.78%
[5,   589] loss: 0.065 accuracy: 79.03%
[5,   608] loss: 0.067 accuracy: 79.77%
[5,   627] loss: 0.071 accuracy: 77.63%
[5,   646] loss: 0.062 accuracy: 79.61%
[5,   665] loss: 0.060 accuracy: 82.40%
[5,   684] loss: 0.066 accuracy: 79.28%
[5,   703] loss: 0.064 accuracy: 78.95%
[5,   722] loss: 0.063 accuracy: 79.69%
[5,   741] loss: 0.069 accuracy: 78.45%
[5,   760] loss: 0.066 accuracy: 80.18%
[5,   779] loss: 0.062 accuracy: 80.26%
[5,   798] loss: 0.061 accuracy: 81.99%
[5,   817] loss: 0.064 accuracy: 79.61%
[5,   836] loss: 0.066 accuracy: 78.29%
[5,   855] loss: 0.072 accuracy: 77.22%
[5,   874] loss: 0.073 accuracy: 77.06%
[5,   893] loss: 0.065 accuracy: 80.43%
[5,   912] loss: 0.063 accuracy: 80.26%
[5,   931] loss: 0.069 accuracy: 78.54%
[5,   950] loss: 0.072 accuracy: 77.88%
[5,   969] loss: 0.071 accuracy: 77.71%
[5,   988] loss: 0.072 accuracy: 77.88%
[5,  1007] loss: 0.065 accuracy: 79.36%
[5,  1026] loss: 0.064 accuracy: 79.77%
[5,  1045] loss: 0.067 accuracy: 79.85%
[5,  1064] loss: 0.068 accuracy: 77.96%
[5,  1083] loss: 0.066 accuracy: 78.78%
[5,  1102] loss: 0.069 accuracy: 78.37%
[5,  1121] loss: 0.067 accuracy: 78.78%
[5,  1140] loss: 0.059 accuracy: 82.15%
[5,  1159] loss: 0.068 accuracy: 78.62%
[5,  1178] loss: 0.064 accuracy: 79.61%
[5,  1197] loss: 0.072 accuracy: 78.04%
[5,  1216] loss: 0.066 accuracy: 79.28%
[5,  1235] loss: 0.066 accuracy: 79.85%
[5,  1254] loss: 0.072 accuracy: 77.22%
[5,  1273] loss: 0.071 accuracy: 79.19%
[5,  1292] loss: 0.066 accuracy: 78.54%
[5,  1311] loss: 0.071 accuracy: 76.64%
[5,  1330] loss: 0.066 accuracy: 79.61%
[5,  1349] loss: 0.071 accuracy: 78.45%
[5,  1368] loss: 0.069 accuracy: 78.62%
[5,  1387] loss: 0.070 accuracy: 78.70%
[5,  1406] loss: 0.073 accuracy: 77.80%
[5,  1425] loss: 0.072 accuracy: 78.21%
[5,  1444] loss: 0.066 accuracy: 78.45%
[5,  1463] loss: 0.068 accuracy: 78.87%
[5,  1482] loss: 0.065 accuracy: 78.45%
[5,  1501] loss: 0.067 accuracy: 79.44%
[5,  1520] loss: 0.071 accuracy: 77.80%
[5,  1539] loss: 0.065 accuracy: 80.26%
[5,  1558] loss: 0.067 accuracy: 78.95%
[5,  1577] loss: 0.071 accuracy: 78.21%
[5,  1596] loss: 0.070 accuracy: 78.87%
[5,  1615] loss: 0.067 accuracy: 80.51%
[5,  1634] loss: 0.067 accuracy: 80.10%
[5,  1653] loss: 0.071 accuracy: 78.37%
[5,  1672] loss: 0.073 accuracy: 77.47%
[5,  1691] loss: 0.072 accuracy: 78.21%
[5,  1710] loss: 0.070 accuracy: 79.77%
[5,  1729] loss: 0.069 accuracy: 78.12%
[5,  1748] loss: 0.068 accuracy: 78.29%
[5,  1767] loss: 0.072 accuracy: 79.19%
[5,  1786] loss: 0.067 accuracy: 80.35%
[5,  1805] loss: 0.070 accuracy: 77.55%
[5,  1824] loss: 0.067 accuracy: 78.45%
[5,  1843] loss: 0.068 accuracy: 78.70%
[5,  1862] loss: 0.077 accuracy: 76.40%
[5,  1881] loss: 0.073 accuracy: 77.63%
[5,  1900] loss: 0.067 accuracy: 79.28%
[5,  1919] loss: 0.071 accuracy: 78.62%
[5,  1938] loss: 0.065 accuracy: 79.77%
[5,  1957] loss: 0.074 accuracy: 76.89%
[5,  1976] loss: 0.065 accuracy: 80.92%
[5,  1995] loss: 0.069 accuracy: 77.96%
Epoch 5: training accuracy = 84.58%
********** VALIDATION **********
Epoch 5: validation accuracy = 57.00%
[6,    19] loss: 0.052 accuracy: 82.98%
[6,    38] loss: 0.047 accuracy: 85.61%
[6,    57] loss: 0.058 accuracy: 82.24%
[6,    76] loss: 0.051 accuracy: 83.88%
[6,    95] loss: 0.048 accuracy: 84.79%
[6,   114] loss: 0.047 accuracy: 84.54%
[6,   133] loss: 0.048 accuracy: 83.80%
[6,   152] loss: 0.051 accuracy: 82.98%
[6,   171] loss: 0.052 accuracy: 83.06%
[6,   190] loss: 0.050 accuracy: 84.79%
[6,   209] loss: 0.047 accuracy: 85.61%
[6,   228] loss: 0.055 accuracy: 82.48%
[6,   247] loss: 0.054 accuracy: 83.06%
[6,   266] loss: 0.050 accuracy: 84.70%
[6,   285] loss: 0.053 accuracy: 82.40%
[6,   304] loss: 0.044 accuracy: 86.02%
[6,   323] loss: 0.053 accuracy: 82.98%
[6,   342] loss: 0.047 accuracy: 84.29%
[6,   361] loss: 0.061 accuracy: 80.76%
[6,   380] loss: 0.053 accuracy: 83.22%
[6,   399] loss: 0.048 accuracy: 84.21%
[6,   418] loss: 0.049 accuracy: 84.70%
[6,   437] loss: 0.050 accuracy: 84.62%
[6,   456] loss: 0.053 accuracy: 81.83%
[6,   475] loss: 0.059 accuracy: 81.09%
[6,   494] loss: 0.058 accuracy: 81.25%
[6,   513] loss: 0.053 accuracy: 83.39%
[6,   532] loss: 0.054 accuracy: 81.74%
[6,   551] loss: 0.056 accuracy: 82.65%
[6,   570] loss: 0.052 accuracy: 84.38%
[6,   589] loss: 0.062 accuracy: 81.58%
[6,   608] loss: 0.055 accuracy: 82.48%
[6,   627] loss: 0.053 accuracy: 83.39%
[6,   646] loss: 0.055 accuracy: 81.58%
[6,   665] loss: 0.052 accuracy: 84.46%
[6,   684] loss: 0.050 accuracy: 84.05%
[6,   703] loss: 0.056 accuracy: 82.15%
[6,   722] loss: 0.055 accuracy: 83.31%
[6,   741] loss: 0.060 accuracy: 79.93%
[6,   760] loss: 0.059 accuracy: 80.92%
[6,   779] loss: 0.055 accuracy: 82.15%
[6,   798] loss: 0.058 accuracy: 80.18%
[6,   817] loss: 0.058 accuracy: 81.09%
[6,   836] loss: 0.053 accuracy: 82.48%
[6,   855] loss: 0.056 accuracy: 83.31%
[6,   874] loss: 0.056 accuracy: 82.40%
[6,   893] loss: 0.057 accuracy: 80.51%
[6,   912] loss: 0.055 accuracy: 81.41%
[6,   931] loss: 0.058 accuracy: 81.17%
[6,   950] loss: 0.057 accuracy: 81.91%
[6,   969] loss: 0.054 accuracy: 83.06%
[6,   988] loss: 0.058 accuracy: 80.76%
[6,  1007] loss: 0.056 accuracy: 82.65%
[6,  1026] loss: 0.053 accuracy: 82.81%
[6,  1045] loss: 0.060 accuracy: 81.00%
[6,  1064] loss: 0.058 accuracy: 81.41%
[6,  1083] loss: 0.054 accuracy: 82.65%
[6,  1102] loss: 0.057 accuracy: 81.17%
[6,  1121] loss: 0.058 accuracy: 81.50%
[6,  1140] loss: 0.059 accuracy: 81.91%
[6,  1159] loss: 0.056 accuracy: 82.40%
[6,  1178] loss: 0.061 accuracy: 79.69%
[6,  1197] loss: 0.060 accuracy: 82.07%
[6,  1216] loss: 0.061 accuracy: 80.51%
[6,  1235] loss: 0.061 accuracy: 80.18%
[6,  1254] loss: 0.055 accuracy: 82.07%
[6,  1273] loss: 0.055 accuracy: 82.48%
[6,  1292] loss: 0.060 accuracy: 81.41%
[6,  1311] loss: 0.053 accuracy: 83.47%
[6,  1330] loss: 0.052 accuracy: 82.98%
[6,  1349] loss: 0.055 accuracy: 82.65%
[6,  1368] loss: 0.065 accuracy: 77.80%
[6,  1387] loss: 0.061 accuracy: 80.10%
[6,  1406] loss: 0.058 accuracy: 80.84%
[6,  1425] loss: 0.060 accuracy: 80.84%
[6,  1444] loss: 0.059 accuracy: 80.02%
[6,  1463] loss: 0.059 accuracy: 80.02%
[6,  1482] loss: 0.055 accuracy: 82.32%
[6,  1501] loss: 0.068 accuracy: 79.61%
[6,  1520] loss: 0.052 accuracy: 82.65%
[6,  1539] loss: 0.061 accuracy: 80.43%
[6,  1558] loss: 0.065 accuracy: 78.87%
[6,  1577] loss: 0.063 accuracy: 78.62%
[6,  1596] loss: 0.061 accuracy: 80.43%
[6,  1615] loss: 0.067 accuracy: 78.12%
[6,  1634] loss: 0.068 accuracy: 78.12%
[6,  1653] loss: 0.063 accuracy: 79.44%
[6,  1672] loss: 0.063 accuracy: 80.02%
[6,  1691] loss: 0.060 accuracy: 81.41%
[6,  1710] loss: 0.058 accuracy: 82.07%
[6,  1729] loss: 0.064 accuracy: 79.44%
[6,  1748] loss: 0.055 accuracy: 83.06%
[6,  1767] loss: 0.066 accuracy: 78.87%
[6,  1786] loss: 0.064 accuracy: 80.26%
[6,  1805] loss: 0.055 accuracy: 81.17%
[6,  1824] loss: 0.060 accuracy: 81.58%
[6,  1843] loss: 0.055 accuracy: 81.91%
[6,  1862] loss: 0.061 accuracy: 80.26%
[6,  1881] loss: 0.061 accuracy: 81.17%
[6,  1900] loss: 0.061 accuracy: 80.92%
[6,  1919] loss: 0.057 accuracy: 81.83%
[6,  1938] loss: 0.063 accuracy: 78.87%
[6,  1957] loss: 0.055 accuracy: 81.25%
[6,  1976] loss: 0.066 accuracy: 79.52%
[6,  1995] loss: 0.066 accuracy: 80.02%
Epoch 6: training accuracy = 78.26%
********** VALIDATION **********
Epoch 6: validation accuracy = 56.94%
[7,    19] loss: 0.043 accuracy: 86.43%
[7,    38] loss: 0.043 accuracy: 86.27%
[7,    57] loss: 0.040 accuracy: 88.16%
[7,    76] loss: 0.044 accuracy: 85.36%
[7,    95] loss: 0.036 accuracy: 87.50%
[7,   114] loss: 0.044 accuracy: 87.01%
[7,   133] loss: 0.038 accuracy: 87.99%
[7,   152] loss: 0.041 accuracy: 86.92%
[7,   171] loss: 0.041 accuracy: 86.51%
[7,   190] loss: 0.042 accuracy: 86.27%
[7,   209] loss: 0.041 accuracy: 87.17%
[7,   228] loss: 0.037 accuracy: 88.49%
[7,   247] loss: 0.038 accuracy: 88.57%
[7,   266] loss: 0.049 accuracy: 84.62%
[7,   285] loss: 0.041 accuracy: 87.50%
[7,   304] loss: 0.048 accuracy: 84.46%
[7,   323] loss: 0.044 accuracy: 86.10%
[7,   342] loss: 0.039 accuracy: 87.01%
[7,   361] loss: 0.045 accuracy: 85.86%
[7,   380] loss: 0.046 accuracy: 84.62%
[7,   399] loss: 0.039 accuracy: 87.75%
[7,   418] loss: 0.041 accuracy: 87.17%
[7,   437] loss: 0.044 accuracy: 85.53%
[7,   456] loss: 0.044 accuracy: 85.20%
[7,   475] loss: 0.038 accuracy: 87.66%
[7,   494] loss: 0.042 accuracy: 86.68%
[7,   513] loss: 0.042 accuracy: 85.94%
[7,   532] loss: 0.051 accuracy: 83.63%
[7,   551] loss: 0.054 accuracy: 81.66%
[7,   570] loss: 0.048 accuracy: 84.95%
[7,   589] loss: 0.046 accuracy: 86.35%
[7,   608] loss: 0.049 accuracy: 84.54%
[7,   627] loss: 0.046 accuracy: 84.46%
[7,   646] loss: 0.046 accuracy: 86.10%
[7,   665] loss: 0.048 accuracy: 83.80%
[7,   684] loss: 0.046 accuracy: 85.36%
[7,   703] loss: 0.046 accuracy: 84.46%
[7,   722] loss: 0.046 accuracy: 84.54%
[7,   741] loss: 0.045 accuracy: 85.61%
[7,   760] loss: 0.042 accuracy: 86.60%
[7,   779] loss: 0.041 accuracy: 87.09%
[7,   798] loss: 0.053 accuracy: 82.73%
[7,   817] loss: 0.050 accuracy: 82.81%
[7,   836] loss: 0.052 accuracy: 84.54%
[7,   855] loss: 0.049 accuracy: 83.72%
[7,   874] loss: 0.047 accuracy: 84.70%
[7,   893] loss: 0.047 accuracy: 83.47%
[7,   912] loss: 0.050 accuracy: 83.88%
[7,   931] loss: 0.049 accuracy: 84.46%
[7,   950] loss: 0.049 accuracy: 84.70%
[7,   969] loss: 0.050 accuracy: 82.73%
[7,   988] loss: 0.049 accuracy: 83.31%
[7,  1007] loss: 0.041 accuracy: 86.27%
[7,  1026] loss: 0.048 accuracy: 84.46%
[7,  1045] loss: 0.046 accuracy: 85.77%
[7,  1064] loss: 0.049 accuracy: 85.28%
[7,  1083] loss: 0.051 accuracy: 83.39%
[7,  1102] loss: 0.044 accuracy: 85.77%
[7,  1121] loss: 0.046 accuracy: 84.95%
[7,  1140] loss: 0.046 accuracy: 84.79%
[7,  1159] loss: 0.052 accuracy: 83.47%
[7,  1178] loss: 0.051 accuracy: 82.98%
[7,  1197] loss: 0.047 accuracy: 84.29%
[7,  1216] loss: 0.050 accuracy: 84.05%
[7,  1235] loss: 0.045 accuracy: 84.79%
[7,  1254] loss: 0.048 accuracy: 84.29%
[7,  1273] loss: 0.049 accuracy: 83.88%
[7,  1292] loss: 0.051 accuracy: 83.47%
[7,  1311] loss: 0.045 accuracy: 85.12%
[7,  1330] loss: 0.055 accuracy: 81.41%
[7,  1349] loss: 0.055 accuracy: 82.24%
[7,  1368] loss: 0.051 accuracy: 84.21%
[7,  1387] loss: 0.046 accuracy: 85.03%
[7,  1406] loss: 0.048 accuracy: 84.79%
[7,  1425] loss: 0.057 accuracy: 80.26%
[7,  1444] loss: 0.049 accuracy: 83.47%
[7,  1463] loss: 0.051 accuracy: 84.87%
[7,  1482] loss: 0.052 accuracy: 83.88%
[7,  1501] loss: 0.048 accuracy: 83.55%
[7,  1520] loss: 0.054 accuracy: 82.73%
[7,  1539] loss: 0.041 accuracy: 86.68%
[7,  1558] loss: 0.059 accuracy: 80.51%
[7,  1577] loss: 0.052 accuracy: 83.55%
[7,  1596] loss: 0.045 accuracy: 85.61%
[7,  1615] loss: 0.051 accuracy: 83.39%
[7,  1634] loss: 0.046 accuracy: 86.27%
[7,  1653] loss: 0.047 accuracy: 84.46%
[7,  1672] loss: 0.048 accuracy: 84.79%
[7,  1691] loss: 0.053 accuracy: 82.81%
[7,  1710] loss: 0.050 accuracy: 84.95%
[7,  1729] loss: 0.046 accuracy: 83.88%
[7,  1748] loss: 0.055 accuracy: 82.32%
[7,  1767] loss: 0.054 accuracy: 82.57%
[7,  1786] loss: 0.052 accuracy: 82.98%
[7,  1805] loss: 0.056 accuracy: 80.84%
[7,  1824] loss: 0.046 accuracy: 85.12%
[7,  1843] loss: 0.052 accuracy: 83.88%
[7,  1862] loss: 0.046 accuracy: 85.28%
[7,  1881] loss: 0.056 accuracy: 82.81%
[7,  1900] loss: 0.050 accuracy: 84.70%
[7,  1919] loss: 0.046 accuracy: 85.20%
[7,  1938] loss: 0.054 accuracy: 83.39%
[7,  1957] loss: 0.048 accuracy: 83.96%
[7,  1976] loss: 0.051 accuracy: 84.29%
[7,  1995] loss: 0.050 accuracy: 83.96%
Epoch 7: training accuracy = 83.00%
********** VALIDATION **********
Epoch 7: validation accuracy = 57.42%
[8,    19] loss: 0.033 accuracy: 88.82%
[8,    38] loss: 0.029 accuracy: 90.05%
[8,    57] loss: 0.029 accuracy: 90.21%
[8,    76] loss: 0.034 accuracy: 89.23%
[8,    95] loss: 0.032 accuracy: 88.98%
[8,   114] loss: 0.036 accuracy: 88.24%
[8,   133] loss: 0.034 accuracy: 88.65%
[8,   152] loss: 0.038 accuracy: 87.83%
[8,   171] loss: 0.032 accuracy: 89.72%
[8,   190] loss: 0.032 accuracy: 89.56%
[8,   209] loss: 0.036 accuracy: 87.58%
[8,   228] loss: 0.041 accuracy: 86.02%
[8,   247] loss: 0.036 accuracy: 88.24%
[8,   266] loss: 0.036 accuracy: 87.91%
[8,   285] loss: 0.038 accuracy: 87.34%
[8,   304] loss: 0.032 accuracy: 89.47%
[8,   323] loss: 0.033 accuracy: 89.06%
[8,   342] loss: 0.037 accuracy: 87.01%
[8,   361] loss: 0.040 accuracy: 87.99%
[8,   380] loss: 0.036 accuracy: 87.91%
[8,   399] loss: 0.037 accuracy: 87.01%
[8,   418] loss: 0.035 accuracy: 87.34%
[8,   437] loss: 0.039 accuracy: 87.01%
[8,   456] loss: 0.039 accuracy: 86.60%
[8,   475] loss: 0.034 accuracy: 88.16%
[8,   494] loss: 0.036 accuracy: 87.99%
[8,   513] loss: 0.035 accuracy: 88.16%
[8,   532] loss: 0.038 accuracy: 87.58%
[8,   551] loss: 0.036 accuracy: 86.84%
[8,   570] loss: 0.044 accuracy: 85.20%
[8,   589] loss: 0.040 accuracy: 86.84%
[8,   608] loss: 0.040 accuracy: 86.10%
[8,   627] loss: 0.047 accuracy: 86.60%
[8,   646] loss: 0.040 accuracy: 86.27%
[8,   665] loss: 0.044 accuracy: 85.03%
[8,   684] loss: 0.044 accuracy: 85.03%
[8,   703] loss: 0.035 accuracy: 88.65%
[8,   722] loss: 0.038 accuracy: 87.25%
[8,   741] loss: 0.040 accuracy: 87.50%
[8,   760] loss: 0.048 accuracy: 84.62%
[8,   779] loss: 0.045 accuracy: 84.70%
[8,   798] loss: 0.046 accuracy: 84.29%
[8,   817] loss: 0.044 accuracy: 85.61%
[8,   836] loss: 0.036 accuracy: 88.16%
[8,   855] loss: 0.036 accuracy: 87.34%
[8,   874] loss: 0.037 accuracy: 87.17%
[8,   893] loss: 0.044 accuracy: 85.20%
[8,   912] loss: 0.040 accuracy: 86.60%
[8,   931] loss: 0.042 accuracy: 85.53%
[8,   950] loss: 0.038 accuracy: 88.08%
[8,   969] loss: 0.039 accuracy: 86.60%
[8,   988] loss: 0.039 accuracy: 86.43%
[8,  1007] loss: 0.039 accuracy: 86.60%
[8,  1026] loss: 0.039 accuracy: 86.35%
[8,  1045] loss: 0.039 accuracy: 86.60%
[8,  1064] loss: 0.040 accuracy: 86.18%
[8,  1083] loss: 0.046 accuracy: 85.69%
[8,  1102] loss: 0.041 accuracy: 86.92%
[8,  1121] loss: 0.036 accuracy: 88.73%
[8,  1140] loss: 0.044 accuracy: 85.86%
[8,  1159] loss: 0.039 accuracy: 87.09%
[8,  1178] loss: 0.035 accuracy: 88.82%
[8,  1197] loss: 0.042 accuracy: 85.86%
[8,  1216] loss: 0.043 accuracy: 86.43%
[8,  1235] loss: 0.040 accuracy: 87.09%
[8,  1254] loss: 0.042 accuracy: 86.35%
[8,  1273] loss: 0.045 accuracy: 86.35%
[8,  1292] loss: 0.039 accuracy: 87.50%
[8,  1311] loss: 0.040 accuracy: 86.43%
[8,  1330] loss: 0.046 accuracy: 84.95%
[8,  1349] loss: 0.038 accuracy: 87.17%
[8,  1368] loss: 0.043 accuracy: 86.51%
[8,  1387] loss: 0.038 accuracy: 87.66%
[8,  1406] loss: 0.045 accuracy: 85.36%
[8,  1425] loss: 0.046 accuracy: 84.38%
[8,  1444] loss: 0.041 accuracy: 86.27%
[8,  1463] loss: 0.043 accuracy: 85.94%
[8,  1482] loss: 0.040 accuracy: 87.25%
[8,  1501] loss: 0.045 accuracy: 85.94%
[8,  1520] loss: 0.046 accuracy: 84.05%
[8,  1539] loss: 0.047 accuracy: 84.70%
[8,  1558] loss: 0.041 accuracy: 87.25%
[8,  1577] loss: 0.041 accuracy: 86.60%
[8,  1596] loss: 0.047 accuracy: 84.95%
[8,  1615] loss: 0.042 accuracy: 85.36%
[8,  1634] loss: 0.043 accuracy: 86.35%
[8,  1653] loss: 0.040 accuracy: 86.43%
[8,  1672] loss: 0.044 accuracy: 85.28%
[8,  1691] loss: 0.047 accuracy: 84.46%
[8,  1710] loss: 0.039 accuracy: 86.43%
[8,  1729] loss: 0.046 accuracy: 85.20%
[8,  1748] loss: 0.049 accuracy: 85.12%
[8,  1767] loss: 0.038 accuracy: 86.76%
[8,  1786] loss: 0.043 accuracy: 85.61%
[8,  1805] loss: 0.042 accuracy: 87.09%
[8,  1824] loss: 0.043 accuracy: 85.28%
[8,  1843] loss: 0.047 accuracy: 83.55%
[8,  1862] loss: 0.037 accuracy: 87.75%
[8,  1881] loss: 0.042 accuracy: 86.76%
[8,  1900] loss: 0.040 accuracy: 87.17%
[8,  1919] loss: 0.042 accuracy: 85.69%
[8,  1938] loss: 0.044 accuracy: 85.03%
[8,  1957] loss: 0.044 accuracy: 85.28%
[8,  1976] loss: 0.045 accuracy: 85.03%
[8,  1995] loss: 0.044 accuracy: 85.20%
Epoch 8: training accuracy = 81.82%
********** VALIDATION **********
Epoch 8: validation accuracy = 57.92%
[9,    19] loss: 0.027 accuracy: 90.38%
[9,    38] loss: 0.023 accuracy: 92.27%
[9,    57] loss: 0.024 accuracy: 91.45%
[9,    76] loss: 0.033 accuracy: 89.64%
[9,    95] loss: 0.023 accuracy: 92.35%
[9,   114] loss: 0.021 accuracy: 92.43%
[9,   133] loss: 0.026 accuracy: 90.21%
[9,   152] loss: 0.026 accuracy: 91.53%
[9,   171] loss: 0.022 accuracy: 92.02%
[9,   190] loss: 0.022 accuracy: 92.52%
[9,   209] loss: 0.032 accuracy: 89.88%
[9,   228] loss: 0.027 accuracy: 90.62%
[9,   247] loss: 0.025 accuracy: 91.12%
[9,   266] loss: 0.029 accuracy: 89.88%
[9,   285] loss: 0.029 accuracy: 90.21%
[9,   304] loss: 0.029 accuracy: 89.88%
[9,   323] loss: 0.027 accuracy: 89.80%
[9,   342] loss: 0.028 accuracy: 90.13%
[9,   361] loss: 0.028 accuracy: 90.05%
[9,   380] loss: 0.029 accuracy: 90.62%
[9,   399] loss: 0.031 accuracy: 89.64%
[9,   418] loss: 0.029 accuracy: 90.95%
[9,   437] loss: 0.029 accuracy: 89.97%
[9,   456] loss: 0.027 accuracy: 90.71%
[9,   475] loss: 0.027 accuracy: 90.95%
[9,   494] loss: 0.032 accuracy: 89.56%
[9,   513] loss: 0.040 accuracy: 86.92%
[9,   532] loss: 0.033 accuracy: 89.14%
[9,   551] loss: 0.039 accuracy: 87.99%
[9,   570] loss: 0.035 accuracy: 87.17%
[9,   589] loss: 0.043 accuracy: 85.77%
[9,   608] loss: 0.034 accuracy: 87.75%
[9,   627] loss: 0.036 accuracy: 87.75%
[9,   646] loss: 0.031 accuracy: 90.38%
[9,   665] loss: 0.027 accuracy: 90.38%
[9,   684] loss: 0.030 accuracy: 90.05%
[9,   703] loss: 0.034 accuracy: 87.58%
[9,   722] loss: 0.032 accuracy: 88.73%
[9,   741] loss: 0.028 accuracy: 90.62%
[9,   760] loss: 0.028 accuracy: 90.95%
[9,   779] loss: 0.027 accuracy: 90.21%
[9,   798] loss: 0.027 accuracy: 91.69%
[9,   817] loss: 0.035 accuracy: 87.66%
[9,   836] loss: 0.031 accuracy: 89.39%
[9,   855] loss: 0.036 accuracy: 87.42%
[9,   874] loss: 0.033 accuracy: 87.99%
[9,   893] loss: 0.035 accuracy: 89.64%
[9,   912] loss: 0.033 accuracy: 89.31%
[9,   931] loss: 0.030 accuracy: 89.64%
[9,   950] loss: 0.031 accuracy: 88.90%
[9,   969] loss: 0.031 accuracy: 88.90%
[9,   988] loss: 0.039 accuracy: 86.92%
[9,  1007] loss: 0.035 accuracy: 88.49%
[9,  1026] loss: 0.044 accuracy: 84.79%
[9,  1045] loss: 0.038 accuracy: 87.83%
[9,  1064] loss: 0.030 accuracy: 89.39%
[9,  1083] loss: 0.046 accuracy: 85.69%
[9,  1102] loss: 0.035 accuracy: 88.49%
[9,  1121] loss: 0.034 accuracy: 88.24%
[9,  1140] loss: 0.033 accuracy: 88.32%
[9,  1159] loss: 0.030 accuracy: 89.88%
[9,  1178] loss: 0.035 accuracy: 87.91%
[9,  1197] loss: 0.035 accuracy: 88.32%
[9,  1216] loss: 0.035 accuracy: 88.08%
[9,  1235] loss: 0.031 accuracy: 88.82%
[9,  1254] loss: 0.038 accuracy: 87.25%
[9,  1273] loss: 0.032 accuracy: 88.90%
[9,  1292] loss: 0.037 accuracy: 87.25%
[9,  1311] loss: 0.036 accuracy: 87.42%
[9,  1330] loss: 0.034 accuracy: 87.99%
[9,  1349] loss: 0.033 accuracy: 88.40%
[9,  1368] loss: 0.036 accuracy: 88.98%
[9,  1387] loss: 0.028 accuracy: 90.95%
[9,  1406] loss: 0.034 accuracy: 87.99%
[9,  1425] loss: 0.042 accuracy: 85.61%
[9,  1444] loss: 0.036 accuracy: 87.83%
[9,  1463] loss: 0.037 accuracy: 87.75%
[9,  1482] loss: 0.039 accuracy: 87.99%
[9,  1501] loss: 0.038 accuracy: 86.92%
[9,  1520] loss: 0.041 accuracy: 85.94%
[9,  1539] loss: 0.034 accuracy: 88.73%
[9,  1558] loss: 0.035 accuracy: 88.40%
[9,  1577] loss: 0.035 accuracy: 88.16%
[9,  1596] loss: 0.033 accuracy: 89.14%
[9,  1615] loss: 0.033 accuracy: 88.57%
[9,  1634] loss: 0.033 accuracy: 87.99%
[9,  1653] loss: 0.038 accuracy: 87.01%
[9,  1672] loss: 0.042 accuracy: 86.10%
[9,  1691] loss: 0.032 accuracy: 88.65%
[9,  1710] loss: 0.041 accuracy: 85.53%
[9,  1729] loss: 0.036 accuracy: 87.58%
[9,  1748] loss: 0.036 accuracy: 87.99%
[9,  1767] loss: 0.035 accuracy: 88.82%
[9,  1786] loss: 0.037 accuracy: 87.01%
[9,  1805] loss: 0.036 accuracy: 87.66%
[9,  1824] loss: 0.041 accuracy: 85.36%
[9,  1843] loss: 0.036 accuracy: 88.24%
[9,  1862] loss: 0.036 accuracy: 88.08%
[9,  1881] loss: 0.031 accuracy: 88.08%
[9,  1900] loss: 0.034 accuracy: 88.57%
[9,  1919] loss: 0.038 accuracy: 88.32%
[9,  1938] loss: 0.034 accuracy: 88.57%
[9,  1957] loss: 0.038 accuracy: 87.42%
[9,  1976] loss: 0.037 accuracy: 87.42%
[9,  1995] loss: 0.035 accuracy: 87.91%
Epoch 9: training accuracy = 88.54%
********** VALIDATION **********
Epoch 9: validation accuracy = 57.40%
[10,    19] loss: 0.020 accuracy: 93.83%
[10,    38] loss: 0.019 accuracy: 93.17%
[10,    57] loss: 0.019 accuracy: 93.67%
[10,    76] loss: 0.019 accuracy: 93.67%
[10,    95] loss: 0.025 accuracy: 91.20%
[10,   114] loss: 0.020 accuracy: 92.93%
[10,   133] loss: 0.022 accuracy: 92.19%
[10,   152] loss: 0.024 accuracy: 91.04%
[10,   171] loss: 0.022 accuracy: 92.43%
[10,   190] loss: 0.023 accuracy: 91.69%
[10,   209] loss: 0.023 accuracy: 92.11%
[10,   228] loss: 0.024 accuracy: 92.27%
[10,   247] loss: 0.023 accuracy: 92.02%
[10,   266] loss: 0.020 accuracy: 93.42%
[10,   285] loss: 0.019 accuracy: 93.67%
[10,   304] loss: 0.021 accuracy: 93.42%
[10,   323] loss: 0.022 accuracy: 92.35%
[10,   342] loss: 0.020 accuracy: 92.85%
[10,   361] loss: 0.024 accuracy: 91.45%
[10,   380] loss: 0.030 accuracy: 89.47%
[10,   399] loss: 0.025 accuracy: 90.38%
[10,   418] loss: 0.023 accuracy: 91.61%
[10,   437] loss: 0.028 accuracy: 90.62%
[10,   456] loss: 0.026 accuracy: 91.53%
[10,   475] loss: 0.022 accuracy: 92.11%
[10,   494] loss: 0.032 accuracy: 88.65%
[10,   513] loss: 0.030 accuracy: 89.64%
[10,   532] loss: 0.029 accuracy: 89.23%
[10,   551] loss: 0.032 accuracy: 88.90%
[10,   570] loss: 0.025 accuracy: 91.45%
[10,   589] loss: 0.026 accuracy: 91.12%
[10,   608] loss: 0.027 accuracy: 91.04%
[10,   627] loss: 0.028 accuracy: 89.97%
[10,   646] loss: 0.030 accuracy: 90.71%
[10,   665] loss: 0.020 accuracy: 92.93%
[10,   684] loss: 0.027 accuracy: 90.38%
[10,   703] loss: 0.025 accuracy: 91.37%
[10,   722] loss: 0.028 accuracy: 90.71%
[10,   741] loss: 0.027 accuracy: 90.95%
[10,   760] loss: 0.034 accuracy: 88.32%
[10,   779] loss: 0.028 accuracy: 90.87%
[10,   798] loss: 0.028 accuracy: 91.69%
[10,   817] loss: 0.031 accuracy: 90.13%
[10,   836] loss: 0.028 accuracy: 91.12%
[10,   855] loss: 0.029 accuracy: 89.56%
[10,   874] loss: 0.026 accuracy: 91.53%
[10,   893] loss: 0.026 accuracy: 91.28%
[10,   912] loss: 0.029 accuracy: 90.46%
[10,   931] loss: 0.032 accuracy: 88.16%
[10,   950] loss: 0.030 accuracy: 89.88%
[10,   969] loss: 0.030 accuracy: 89.31%
[10,   988] loss: 0.028 accuracy: 89.97%
[10,  1007] loss: 0.023 accuracy: 92.02%
[10,  1026] loss: 0.025 accuracy: 91.69%
[10,  1045] loss: 0.022 accuracy: 92.19%
[10,  1064] loss: 0.029 accuracy: 89.14%
[10,  1083] loss: 0.036 accuracy: 88.40%
[10,  1102] loss: 0.033 accuracy: 88.90%
[10,  1121] loss: 0.035 accuracy: 88.90%
[10,  1140] loss: 0.028 accuracy: 91.20%
[10,  1159] loss: 0.023 accuracy: 92.52%
[10,  1178] loss: 0.029 accuracy: 90.54%
[10,  1197] loss: 0.036 accuracy: 88.16%
[10,  1216] loss: 0.033 accuracy: 88.49%
[10,  1235] loss: 0.033 accuracy: 89.64%
[10,  1254] loss: 0.028 accuracy: 90.62%
[10,  1273] loss: 0.029 accuracy: 90.46%
[10,  1292] loss: 0.029 accuracy: 91.12%
[10,  1311] loss: 0.029 accuracy: 89.64%
[10,  1330] loss: 0.030 accuracy: 90.46%
[10,  1349] loss: 0.030 accuracy: 89.14%
[10,  1368] loss: 0.033 accuracy: 89.06%
[10,  1387] loss: 0.029 accuracy: 89.23%
[10,  1406] loss: 0.030 accuracy: 90.46%
[10,  1425] loss: 0.026 accuracy: 91.37%
[10,  1444] loss: 0.025 accuracy: 91.94%
[10,  1463] loss: 0.025 accuracy: 91.28%
[10,  1482] loss: 0.028 accuracy: 90.87%
[10,  1501] loss: 0.032 accuracy: 88.57%
[10,  1520] loss: 0.034 accuracy: 88.57%
[10,  1539] loss: 0.032 accuracy: 88.49%
[10,  1558] loss: 0.031 accuracy: 89.23%
[10,  1577] loss: 0.028 accuracy: 90.62%
[10,  1596] loss: 0.028 accuracy: 90.87%
[10,  1615] loss: 0.023 accuracy: 91.86%
[10,  1634] loss: 0.027 accuracy: 91.20%
[10,  1653] loss: 0.031 accuracy: 89.31%
[10,  1672] loss: 0.038 accuracy: 87.34%
[10,  1691] loss: 0.030 accuracy: 89.80%
[10,  1710] loss: 0.028 accuracy: 90.79%
[10,  1729] loss: 0.029 accuracy: 88.98%
[10,  1748] loss: 0.031 accuracy: 88.90%
[10,  1767] loss: 0.030 accuracy: 89.56%
[10,  1786] loss: 0.036 accuracy: 87.50%
[10,  1805] loss: 0.033 accuracy: 88.98%
[10,  1824] loss: 0.030 accuracy: 89.31%
[10,  1843] loss: 0.028 accuracy: 90.30%
[10,  1862] loss: 0.031 accuracy: 89.80%
[10,  1881] loss: 0.031 accuracy: 89.88%
[10,  1900] loss: 0.030 accuracy: 90.21%
[10,  1919] loss: 0.030 accuracy: 90.13%
[10,  1938] loss: 0.031 accuracy: 89.06%
[10,  1957] loss: 0.034 accuracy: 88.40%
[10,  1976] loss: 0.025 accuracy: 90.71%
[10,  1995] loss: 0.023 accuracy: 92.19%
Epoch 10: training accuracy = 87.75%
********** VALIDATION **********
Epoch 10: validation accuracy = 56.30%
[11,    19] loss: 0.016 accuracy: 94.98%
[11,    38] loss: 0.019 accuracy: 93.75%
[11,    57] loss: 0.017 accuracy: 94.24%
[11,    76] loss: 0.017 accuracy: 94.00%
[11,    95] loss: 0.016 accuracy: 93.50%
[11,   114] loss: 0.017 accuracy: 94.57%
[11,   133] loss: 0.017 accuracy: 94.90%
[11,   152] loss: 0.018 accuracy: 94.24%
[11,   171] loss: 0.017 accuracy: 94.33%
[11,   190] loss: 0.019 accuracy: 94.16%
[11,   209] loss: 0.024 accuracy: 91.86%
[11,   228] loss: 0.022 accuracy: 92.35%
[11,   247] loss: 0.023 accuracy: 92.11%
[11,   266] loss: 0.019 accuracy: 92.68%
[11,   285] loss: 0.020 accuracy: 93.42%
[11,   304] loss: 0.018 accuracy: 93.91%
[11,   323] loss: 0.019 accuracy: 94.49%
[11,   342] loss: 0.023 accuracy: 92.27%
[11,   361] loss: 0.021 accuracy: 92.35%
[11,   380] loss: 0.024 accuracy: 92.02%
[11,   399] loss: 0.021 accuracy: 93.26%
[11,   418] loss: 0.023 accuracy: 92.35%
[11,   437] loss: 0.024 accuracy: 91.86%
[11,   456] loss: 0.022 accuracy: 92.68%
[11,   475] loss: 0.020 accuracy: 92.76%
[11,   494] loss: 0.025 accuracy: 92.11%
[11,   513] loss: 0.016 accuracy: 93.91%
[11,   532] loss: 0.020 accuracy: 92.76%
[11,   551] loss: 0.022 accuracy: 92.35%
[11,   570] loss: 0.021 accuracy: 93.67%
[11,   589] loss: 0.021 accuracy: 92.68%
[11,   608] loss: 0.019 accuracy: 93.42%
[11,   627] loss: 0.021 accuracy: 93.09%
[11,   646] loss: 0.025 accuracy: 91.28%
[11,   665] loss: 0.020 accuracy: 93.17%
[11,   684] loss: 0.020 accuracy: 93.09%
[11,   703] loss: 0.027 accuracy: 91.20%
[11,   722] loss: 0.022 accuracy: 92.19%
[11,   741] loss: 0.023 accuracy: 92.02%
[11,   760] loss: 0.020 accuracy: 93.42%
[11,   779] loss: 0.018 accuracy: 93.75%
[11,   798] loss: 0.024 accuracy: 91.37%
[11,   817] loss: 0.029 accuracy: 89.80%
[11,   836] loss: 0.025 accuracy: 91.45%
[11,   855] loss: 0.025 accuracy: 90.71%
[11,   874] loss: 0.021 accuracy: 92.35%
[11,   893] loss: 0.025 accuracy: 92.27%
[11,   912] loss: 0.024 accuracy: 92.27%
[11,   931] loss: 0.031 accuracy: 88.82%
[11,   950] loss: 0.025 accuracy: 91.12%
[11,   969] loss: 0.024 accuracy: 92.93%
[11,   988] loss: 0.027 accuracy: 90.95%
[11,  1007] loss: 0.024 accuracy: 91.53%
[11,  1026] loss: 0.020 accuracy: 92.85%
[11,  1045] loss: 0.018 accuracy: 93.59%
[11,  1064] loss: 0.023 accuracy: 91.94%
[11,  1083] loss: 0.028 accuracy: 90.05%
[11,  1102] loss: 0.023 accuracy: 93.01%
[11,  1121] loss: 0.021 accuracy: 92.68%
[11,  1140] loss: 0.021 accuracy: 91.94%
[11,  1159] loss: 0.027 accuracy: 90.87%
[11,  1178] loss: 0.021 accuracy: 92.93%
[11,  1197] loss: 0.023 accuracy: 92.68%
[11,  1216] loss: 0.027 accuracy: 90.46%
[11,  1235] loss: 0.023 accuracy: 91.69%
[11,  1254] loss: 0.019 accuracy: 93.75%
[11,  1273] loss: 0.018 accuracy: 93.83%
[11,  1292] loss: 0.021 accuracy: 93.17%
[11,  1311] loss: 0.021 accuracy: 92.60%
[11,  1330] loss: 0.024 accuracy: 91.53%
[11,  1349] loss: 0.025 accuracy: 92.52%
[11,  1368] loss: 0.022 accuracy: 92.52%
[11,  1387] loss: 0.025 accuracy: 91.53%
[11,  1406] loss: 0.023 accuracy: 90.71%
[11,  1425] loss: 0.024 accuracy: 92.19%
[11,  1444] loss: 0.021 accuracy: 92.43%
[11,  1463] loss: 0.029 accuracy: 90.13%
[11,  1482] loss: 0.027 accuracy: 90.21%
[11,  1501] loss: 0.026 accuracy: 91.28%
[11,  1520] loss: 0.024 accuracy: 91.20%
[11,  1539] loss: 0.028 accuracy: 90.05%
[11,  1558] loss: 0.027 accuracy: 90.79%
[11,  1577] loss: 0.027 accuracy: 91.04%
[11,  1596] loss: 0.033 accuracy: 88.73%
[11,  1615] loss: 0.027 accuracy: 91.61%
[11,  1634] loss: 0.026 accuracy: 92.02%
[11,  1653] loss: 0.027 accuracy: 90.46%
[11,  1672] loss: 0.024 accuracy: 91.94%
[11,  1691] loss: 0.025 accuracy: 90.95%
[11,  1710] loss: 0.025 accuracy: 91.20%
[11,  1729] loss: 0.027 accuracy: 90.79%
[11,  1748] loss: 0.025 accuracy: 91.45%
[11,  1767] loss: 0.024 accuracy: 91.53%
[11,  1786] loss: 0.031 accuracy: 89.47%
[11,  1805] loss: 0.026 accuracy: 91.28%
[11,  1824] loss: 0.029 accuracy: 90.54%
[11,  1843] loss: 0.023 accuracy: 91.69%
[11,  1862] loss: 0.022 accuracy: 92.11%
[11,  1881] loss: 0.027 accuracy: 91.12%
[11,  1900] loss: 0.025 accuracy: 91.28%
[11,  1919] loss: 0.023 accuracy: 92.85%
[11,  1938] loss: 0.027 accuracy: 90.21%
[11,  1957] loss: 0.028 accuracy: 89.56%
[11,  1976] loss: 0.033 accuracy: 88.65%
[11,  1995] loss: 0.025 accuracy: 91.61%
Epoch 11: training accuracy = 90.12%
********** VALIDATION **********
Epoch 11: validation accuracy = 56.44%
[12,    19] loss: 0.017 accuracy: 94.24%
[12,    38] loss: 0.013 accuracy: 95.97%
[12,    57] loss: 0.013 accuracy: 95.56%
[12,    76] loss: 0.013 accuracy: 95.07%
[12,    95] loss: 0.014 accuracy: 94.82%
[12,   114] loss: 0.017 accuracy: 94.08%
[12,   133] loss: 0.016 accuracy: 94.41%
[12,   152] loss: 0.014 accuracy: 94.98%
[12,   171] loss: 0.014 accuracy: 95.56%
[12,   190] loss: 0.017 accuracy: 93.75%
[12,   209] loss: 0.019 accuracy: 93.75%
[12,   228] loss: 0.016 accuracy: 93.67%
[12,   247] loss: 0.014 accuracy: 95.56%
[12,   266] loss: 0.014 accuracy: 95.15%
[12,   285] loss: 0.012 accuracy: 95.31%
[12,   304] loss: 0.019 accuracy: 93.59%
[12,   323] loss: 0.017 accuracy: 93.91%
[12,   342] loss: 0.014 accuracy: 95.81%
[12,   361] loss: 0.015 accuracy: 94.98%
[12,   380] loss: 0.020 accuracy: 92.93%
[12,   399] loss: 0.021 accuracy: 93.34%
[12,   418] loss: 0.018 accuracy: 94.08%
[12,   437] loss: 0.015 accuracy: 95.31%
[12,   456] loss: 0.018 accuracy: 93.91%
[12,   475] loss: 0.016 accuracy: 94.24%
[12,   494] loss: 0.018 accuracy: 94.57%
[12,   513] loss: 0.014 accuracy: 95.15%
[12,   532] loss: 0.020 accuracy: 92.85%
[12,   551] loss: 0.014 accuracy: 94.65%
[12,   570] loss: 0.016 accuracy: 94.00%
[12,   589] loss: 0.017 accuracy: 93.91%
[12,   608] loss: 0.017 accuracy: 94.49%
[12,   627] loss: 0.017 accuracy: 93.26%
[12,   646] loss: 0.018 accuracy: 93.34%
[12,   665] loss: 0.019 accuracy: 93.91%
[12,   684] loss: 0.018 accuracy: 94.16%
[12,   703] loss: 0.018 accuracy: 93.42%
[12,   722] loss: 0.023 accuracy: 92.11%
[12,   741] loss: 0.021 accuracy: 93.34%
[12,   760] loss: 0.020 accuracy: 93.34%
[12,   779] loss: 0.019 accuracy: 92.27%
[12,   798] loss: 0.017 accuracy: 94.57%
[12,   817] loss: 0.016 accuracy: 94.49%
[12,   836] loss: 0.020 accuracy: 93.91%
[12,   855] loss: 0.017 accuracy: 94.16%
[12,   874] loss: 0.017 accuracy: 93.75%
[12,   893] loss: 0.020 accuracy: 92.76%
[12,   912] loss: 0.019 accuracy: 93.26%
[12,   931] loss: 0.022 accuracy: 93.17%
[12,   950] loss: 0.030 accuracy: 90.13%
[12,   969] loss: 0.020 accuracy: 93.09%
[12,   988] loss: 0.021 accuracy: 92.27%
[12,  1007] loss: 0.022 accuracy: 92.76%
[12,  1026] loss: 0.018 accuracy: 93.42%
[12,  1045] loss: 0.021 accuracy: 92.19%
[12,  1064] loss: 0.018 accuracy: 93.09%
[12,  1083] loss: 0.023 accuracy: 91.78%
[12,  1102] loss: 0.023 accuracy: 92.68%
[12,  1121] loss: 0.020 accuracy: 93.42%
[12,  1140] loss: 0.018 accuracy: 93.50%
[12,  1159] loss: 0.017 accuracy: 94.24%
[12,  1178] loss: 0.019 accuracy: 93.67%
[12,  1197] loss: 0.017 accuracy: 94.24%
[12,  1216] loss: 0.021 accuracy: 93.01%
[12,  1235] loss: 0.022 accuracy: 92.19%
[12,  1254] loss: 0.020 accuracy: 92.68%
[12,  1273] loss: 0.020 accuracy: 93.17%
[12,  1292] loss: 0.021 accuracy: 93.50%
[12,  1311] loss: 0.017 accuracy: 94.49%
[12,  1330] loss: 0.017 accuracy: 93.59%
[12,  1349] loss: 0.025 accuracy: 90.71%
[12,  1368] loss: 0.025 accuracy: 91.20%
[12,  1387] loss: 0.024 accuracy: 92.27%
[12,  1406] loss: 0.023 accuracy: 92.35%
[12,  1425] loss: 0.018 accuracy: 94.08%
[12,  1444] loss: 0.020 accuracy: 93.83%
[12,  1463] loss: 0.023 accuracy: 92.27%
[12,  1482] loss: 0.022 accuracy: 92.52%
[12,  1501] loss: 0.022 accuracy: 93.50%
[12,  1520] loss: 0.021 accuracy: 92.19%
[12,  1539] loss: 0.020 accuracy: 92.68%
[12,  1558] loss: 0.019 accuracy: 93.75%
[12,  1577] loss: 0.024 accuracy: 91.94%
[12,  1596] loss: 0.025 accuracy: 90.95%
[12,  1615] loss: 0.020 accuracy: 92.43%
[12,  1634] loss: 0.025 accuracy: 91.69%
[12,  1653] loss: 0.018 accuracy: 93.75%
[12,  1672] loss: 0.016 accuracy: 94.65%
[12,  1691] loss: 0.020 accuracy: 93.17%
[12,  1710] loss: 0.019 accuracy: 93.34%
[12,  1729] loss: 0.021 accuracy: 93.01%
[12,  1748] loss: 0.021 accuracy: 93.42%
[12,  1767] loss: 0.019 accuracy: 93.42%
[12,  1786] loss: 0.023 accuracy: 92.02%
[12,  1805] loss: 0.021 accuracy: 92.68%
[12,  1824] loss: 0.022 accuracy: 92.43%
[12,  1843] loss: 0.022 accuracy: 92.02%
[12,  1862] loss: 0.021 accuracy: 92.60%
[12,  1881] loss: 0.017 accuracy: 93.67%
[12,  1900] loss: 0.024 accuracy: 92.02%
[12,  1919] loss: 0.022 accuracy: 91.78%
[12,  1938] loss: 0.019 accuracy: 93.83%
[12,  1957] loss: 0.023 accuracy: 91.61%
[12,  1976] loss: 0.021 accuracy: 93.17%
[12,  1995] loss: 0.024 accuracy: 92.02%
Epoch 12: training accuracy = 91.30%
********** VALIDATION **********
Epoch 12: validation accuracy = 57.34%
[13,    19] loss: 0.015 accuracy: 94.98%
[13,    38] loss: 0.017 accuracy: 94.24%
[13,    57] loss: 0.012 accuracy: 95.39%
[13,    76] loss: 0.010 accuracy: 96.88%
[13,    95] loss: 0.011 accuracy: 96.38%
[13,   114] loss: 0.016 accuracy: 94.82%
[13,   133] loss: 0.012 accuracy: 95.31%
[13,   152] loss: 0.014 accuracy: 95.15%
[13,   171] loss: 0.015 accuracy: 94.33%
[13,   190] loss: 0.015 accuracy: 94.98%
[13,   209] loss: 0.014 accuracy: 95.31%
[13,   228] loss: 0.014 accuracy: 94.74%
[13,   247] loss: 0.017 accuracy: 94.00%
[13,   266] loss: 0.015 accuracy: 95.23%
[13,   285] loss: 0.017 accuracy: 94.08%
[13,   304] loss: 0.014 accuracy: 95.23%
[13,   323] loss: 0.016 accuracy: 94.65%
[13,   342] loss: 0.016 accuracy: 94.98%
[13,   361] loss: 0.014 accuracy: 95.07%
[13,   380] loss: 0.015 accuracy: 94.24%
[13,   399] loss: 0.018 accuracy: 94.41%
[13,   418] loss: 0.012 accuracy: 95.15%
[13,   437] loss: 0.011 accuracy: 95.97%
[13,   456] loss: 0.013 accuracy: 96.13%
[13,   475] loss: 0.013 accuracy: 95.81%
[13,   494] loss: 0.011 accuracy: 96.38%
[13,   513] loss: 0.013 accuracy: 95.48%
[13,   532] loss: 0.012 accuracy: 95.97%
[13,   551] loss: 0.019 accuracy: 93.34%
[13,   570] loss: 0.016 accuracy: 94.65%
[13,   589] loss: 0.012 accuracy: 95.72%
[13,   608] loss: 0.013 accuracy: 95.31%
[13,   627] loss: 0.014 accuracy: 94.82%
[13,   646] loss: 0.015 accuracy: 94.65%
[13,   665] loss: 0.014 accuracy: 95.56%
[13,   684] loss: 0.016 accuracy: 94.16%
[13,   703] loss: 0.020 accuracy: 92.93%
[13,   722] loss: 0.015 accuracy: 94.65%
[13,   741] loss: 0.013 accuracy: 95.31%
[13,   760] loss: 0.014 accuracy: 95.89%
[13,   779] loss: 0.014 accuracy: 94.98%
[13,   798] loss: 0.019 accuracy: 92.85%
[13,   817] loss: 0.017 accuracy: 94.08%
[13,   836] loss: 0.019 accuracy: 93.83%
[13,   855] loss: 0.019 accuracy: 92.76%
[13,   874] loss: 0.016 accuracy: 94.08%
[13,   893] loss: 0.019 accuracy: 93.59%
[13,   912] loss: 0.019 accuracy: 93.83%
[13,   931] loss: 0.021 accuracy: 93.50%
[13,   950] loss: 0.014 accuracy: 94.82%
[13,   969] loss: 0.016 accuracy: 94.49%
[13,   988] loss: 0.015 accuracy: 94.57%
[13,  1007] loss: 0.014 accuracy: 94.98%
[13,  1026] loss: 0.016 accuracy: 94.41%
[13,  1045] loss: 0.015 accuracy: 95.48%
[13,  1064] loss: 0.016 accuracy: 94.74%
[13,  1083] loss: 0.021 accuracy: 93.26%
[13,  1102] loss: 0.016 accuracy: 94.08%
[13,  1121] loss: 0.021 accuracy: 92.27%
[13,  1140] loss: 0.023 accuracy: 92.85%
[13,  1159] loss: 0.020 accuracy: 93.42%
[13,  1178] loss: 0.020 accuracy: 93.50%
[13,  1197] loss: 0.016 accuracy: 94.90%
[13,  1216] loss: 0.022 accuracy: 92.60%
[13,  1235] loss: 0.021 accuracy: 92.93%
[13,  1254] loss: 0.016 accuracy: 94.65%
[13,  1273] loss: 0.020 accuracy: 93.09%
[13,  1292] loss: 0.019 accuracy: 93.50%
[13,  1311] loss: 0.017 accuracy: 94.24%
[13,  1330] loss: 0.019 accuracy: 93.67%
[13,  1349] loss: 0.021 accuracy: 93.42%
[13,  1368] loss: 0.023 accuracy: 92.35%
[13,  1387] loss: 0.020 accuracy: 92.52%
[13,  1406] loss: 0.016 accuracy: 94.74%
[13,  1425] loss: 0.021 accuracy: 93.09%
[13,  1444] loss: 0.013 accuracy: 95.56%
[13,  1463] loss: 0.016 accuracy: 93.75%
[13,  1482] loss: 0.019 accuracy: 93.09%
[13,  1501] loss: 0.018 accuracy: 93.83%
[13,  1520] loss: 0.016 accuracy: 94.74%
[13,  1539] loss: 0.020 accuracy: 94.00%
[13,  1558] loss: 0.016 accuracy: 94.33%
[13,  1577] loss: 0.017 accuracy: 93.67%
[13,  1596] loss: 0.022 accuracy: 92.60%
[13,  1615] loss: 0.014 accuracy: 95.31%
[13,  1634] loss: 0.019 accuracy: 93.17%
[13,  1653] loss: 0.020 accuracy: 93.01%
[13,  1672] loss: 0.017 accuracy: 94.08%
[13,  1691] loss: 0.020 accuracy: 92.76%
[13,  1710] loss: 0.021 accuracy: 92.68%
[13,  1729] loss: 0.020 accuracy: 93.09%
[13,  1748] loss: 0.016 accuracy: 94.16%
[13,  1767] loss: 0.017 accuracy: 94.00%
[13,  1786] loss: 0.015 accuracy: 95.07%
[13,  1805] loss: 0.018 accuracy: 93.42%
[13,  1824] loss: 0.017 accuracy: 94.82%
[13,  1843] loss: 0.016 accuracy: 94.90%
[13,  1862] loss: 0.017 accuracy: 94.08%
[13,  1881] loss: 0.016 accuracy: 94.41%
[13,  1900] loss: 0.017 accuracy: 94.49%
[13,  1919] loss: 0.020 accuracy: 92.68%
[13,  1938] loss: 0.016 accuracy: 94.00%
[13,  1957] loss: 0.021 accuracy: 93.01%
[13,  1976] loss: 0.020 accuracy: 92.76%
[13,  1995] loss: 0.020 accuracy: 92.68%
Epoch 13: training accuracy = 92.49%
********** VALIDATION **********
Epoch 13: validation accuracy = 56.04%
[14,    19] loss: 0.010 accuracy: 96.71%
[14,    38] loss: 0.009 accuracy: 96.96%
[14,    57] loss: 0.011 accuracy: 95.89%
[14,    76] loss: 0.011 accuracy: 96.30%
[14,    95] loss: 0.013 accuracy: 95.23%
[14,   114] loss: 0.010 accuracy: 97.12%
[14,   133] loss: 0.012 accuracy: 95.97%
[14,   152] loss: 0.012 accuracy: 95.64%
[14,   171] loss: 0.011 accuracy: 95.56%
[14,   190] loss: 0.011 accuracy: 96.30%
[14,   209] loss: 0.012 accuracy: 95.97%
[14,   228] loss: 0.012 accuracy: 95.64%
[14,   247] loss: 0.014 accuracy: 95.48%
[14,   266] loss: 0.009 accuracy: 96.79%
[14,   285] loss: 0.011 accuracy: 96.55%
[14,   304] loss: 0.011 accuracy: 96.22%
[14,   323] loss: 0.012 accuracy: 96.30%
[14,   342] loss: 0.016 accuracy: 94.82%
[14,   361] loss: 0.016 accuracy: 94.74%
[14,   380] loss: 0.017 accuracy: 94.41%
[14,   399] loss: 0.013 accuracy: 95.89%
[14,   418] loss: 0.012 accuracy: 95.81%
[14,   437] loss: 0.011 accuracy: 96.38%
[14,   456] loss: 0.010 accuracy: 97.53%
[14,   475] loss: 0.009 accuracy: 96.38%
[14,   494] loss: 0.011 accuracy: 96.13%
[14,   513] loss: 0.009 accuracy: 97.20%
[14,   532] loss: 0.010 accuracy: 96.05%
[14,   551] loss: 0.011 accuracy: 96.22%
[14,   570] loss: 0.010 accuracy: 95.64%
[14,   589] loss: 0.012 accuracy: 96.71%
[14,   608] loss: 0.011 accuracy: 96.13%
[14,   627] loss: 0.016 accuracy: 94.49%
[14,   646] loss: 0.015 accuracy: 95.15%
[14,   665] loss: 0.018 accuracy: 93.50%
[14,   684] loss: 0.019 accuracy: 93.34%
[14,   703] loss: 0.012 accuracy: 95.72%
[14,   722] loss: 0.014 accuracy: 95.07%
[14,   741] loss: 0.011 accuracy: 95.89%
[14,   760] loss: 0.010 accuracy: 96.38%
[14,   779] loss: 0.009 accuracy: 96.88%
[14,   798] loss: 0.016 accuracy: 95.31%
[14,   817] loss: 0.014 accuracy: 95.31%
[14,   836] loss: 0.015 accuracy: 94.90%
[14,   855] loss: 0.015 accuracy: 94.90%
[14,   874] loss: 0.017 accuracy: 94.16%
[14,   893] loss: 0.015 accuracy: 94.82%
[14,   912] loss: 0.010 accuracy: 96.46%
[14,   931] loss: 0.018 accuracy: 94.00%
[14,   950] loss: 0.015 accuracy: 95.23%
[14,   969] loss: 0.011 accuracy: 96.13%
[14,   988] loss: 0.012 accuracy: 95.15%
[14,  1007] loss: 0.015 accuracy: 94.57%
[14,  1026] loss: 0.016 accuracy: 93.50%
[14,  1045] loss: 0.014 accuracy: 95.39%
[14,  1064] loss: 0.015 accuracy: 94.98%
[14,  1083] loss: 0.016 accuracy: 95.07%
[14,  1102] loss: 0.016 accuracy: 94.57%
[14,  1121] loss: 0.019 accuracy: 94.16%
[14,  1140] loss: 0.014 accuracy: 95.48%
[14,  1159] loss: 0.015 accuracy: 94.57%
[14,  1178] loss: 0.016 accuracy: 95.31%
[14,  1197] loss: 0.020 accuracy: 92.93%
[14,  1216] loss: 0.017 accuracy: 94.41%
[14,  1235] loss: 0.015 accuracy: 95.48%
[14,  1254] loss: 0.012 accuracy: 96.13%
[14,  1273] loss: 0.014 accuracy: 94.82%
[14,  1292] loss: 0.013 accuracy: 96.30%
[14,  1311] loss: 0.012 accuracy: 95.39%
[14,  1330] loss: 0.015 accuracy: 95.48%
[14,  1349] loss: 0.015 accuracy: 95.23%
[14,  1368] loss: 0.014 accuracy: 94.98%
[14,  1387] loss: 0.013 accuracy: 95.39%
[14,  1406] loss: 0.015 accuracy: 94.98%
[14,  1425] loss: 0.018 accuracy: 93.91%
[14,  1444] loss: 0.016 accuracy: 94.49%
[14,  1463] loss: 0.017 accuracy: 94.74%
[14,  1482] loss: 0.024 accuracy: 92.76%
[14,  1501] loss: 0.017 accuracy: 94.33%
[14,  1520] loss: 0.016 accuracy: 94.65%
[14,  1539] loss: 0.016 accuracy: 94.57%
[14,  1558] loss: 0.016 accuracy: 94.16%
[14,  1577] loss: 0.011 accuracy: 96.46%
[14,  1596] loss: 0.012 accuracy: 96.13%
[14,  1615] loss: 0.014 accuracy: 94.98%
[14,  1634] loss: 0.015 accuracy: 95.15%
[14,  1653] loss: 0.020 accuracy: 93.59%
[14,  1672] loss: 0.022 accuracy: 92.35%
[14,  1691] loss: 0.019 accuracy: 93.42%
[14,  1710] loss: 0.012 accuracy: 95.81%
[14,  1729] loss: 0.014 accuracy: 95.48%
[14,  1748] loss: 0.015 accuracy: 95.15%
[14,  1767] loss: 0.020 accuracy: 93.26%
[14,  1786] loss: 0.017 accuracy: 93.67%
[14,  1805] loss: 0.018 accuracy: 93.26%
[14,  1824] loss: 0.019 accuracy: 93.34%
[14,  1843] loss: 0.018 accuracy: 94.16%
[14,  1862] loss: 0.021 accuracy: 93.26%
[14,  1881] loss: 0.014 accuracy: 95.39%
[14,  1900] loss: 0.012 accuracy: 95.64%
[14,  1919] loss: 0.015 accuracy: 94.49%
[14,  1938] loss: 0.017 accuracy: 94.65%
[14,  1957] loss: 0.015 accuracy: 94.24%
[14,  1976] loss: 0.015 accuracy: 94.65%
[14,  1995] loss: 0.015 accuracy: 94.00%
Epoch 14: training accuracy = 97.23%
********** VALIDATION **********
Epoch 14: validation accuracy = 56.40%
[15,    19] loss: 0.010 accuracy: 96.46%
[15,    38] loss: 0.009 accuracy: 97.29%
[15,    57] loss: 0.009 accuracy: 96.63%
[15,    76] loss: 0.007 accuracy: 97.78%
[15,    95] loss: 0.011 accuracy: 96.46%
[15,   114] loss: 0.010 accuracy: 97.20%
[15,   133] loss: 0.009 accuracy: 96.88%
[15,   152] loss: 0.007 accuracy: 97.62%
[15,   171] loss: 0.011 accuracy: 96.22%
[15,   190] loss: 0.011 accuracy: 95.64%
[15,   209] loss: 0.017 accuracy: 94.65%
[15,   228] loss: 0.011 accuracy: 95.97%
[15,   247] loss: 0.009 accuracy: 96.63%
[15,   266] loss: 0.009 accuracy: 97.04%
[15,   285] loss: 0.011 accuracy: 96.05%
[15,   304] loss: 0.009 accuracy: 96.63%
[15,   323] loss: 0.014 accuracy: 96.30%
[15,   342] loss: 0.013 accuracy: 95.64%
[15,   361] loss: 0.012 accuracy: 96.13%
[15,   380] loss: 0.012 accuracy: 96.30%
[15,   399] loss: 0.011 accuracy: 96.05%
[15,   418] loss: 0.010 accuracy: 96.63%
[15,   437] loss: 0.012 accuracy: 96.13%
[15,   456] loss: 0.011 accuracy: 96.22%
[15,   475] loss: 0.009 accuracy: 96.71%
[15,   494] loss: 0.008 accuracy: 97.29%
[15,   513] loss: 0.009 accuracy: 96.63%
[15,   532] loss: 0.010 accuracy: 96.13%
[15,   551] loss: 0.012 accuracy: 95.64%
[15,   570] loss: 0.010 accuracy: 96.38%
[15,   589] loss: 0.011 accuracy: 96.38%
[15,   608] loss: 0.013 accuracy: 95.72%
[15,   627] loss: 0.014 accuracy: 95.15%
[15,   646] loss: 0.011 accuracy: 96.46%
[15,   665] loss: 0.012 accuracy: 95.31%
[15,   684] loss: 0.011 accuracy: 96.13%
[15,   703] loss: 0.015 accuracy: 94.82%
[15,   722] loss: 0.015 accuracy: 94.90%
[15,   741] loss: 0.013 accuracy: 96.05%
[15,   760] loss: 0.015 accuracy: 94.57%
[15,   779] loss: 0.009 accuracy: 97.20%
[15,   798] loss: 0.010 accuracy: 96.46%
[15,   817] loss: 0.013 accuracy: 94.74%
[15,   836] loss: 0.012 accuracy: 95.81%
[15,   855] loss: 0.008 accuracy: 96.71%
[15,   874] loss: 0.012 accuracy: 95.72%
[15,   893] loss: 0.015 accuracy: 94.98%
[15,   912] loss: 0.013 accuracy: 94.74%
[15,   931] loss: 0.012 accuracy: 95.31%
[15,   950] loss: 0.012 accuracy: 96.13%
[15,   969] loss: 0.014 accuracy: 94.98%
[15,   988] loss: 0.014 accuracy: 95.23%
[15,  1007] loss: 0.009 accuracy: 97.37%
[15,  1026] loss: 0.010 accuracy: 95.72%
[15,  1045] loss: 0.012 accuracy: 95.64%
[15,  1064] loss: 0.014 accuracy: 95.07%
[15,  1083] loss: 0.015 accuracy: 94.65%
[15,  1102] loss: 0.009 accuracy: 96.88%
[15,  1121] loss: 0.012 accuracy: 96.79%
[15,  1140] loss: 0.011 accuracy: 96.05%
[15,  1159] loss: 0.009 accuracy: 96.88%
[15,  1178] loss: 0.012 accuracy: 96.13%
[15,  1197] loss: 0.013 accuracy: 95.15%
[15,  1216] loss: 0.016 accuracy: 93.91%
[15,  1235] loss: 0.018 accuracy: 94.00%
[15,  1254] loss: 0.011 accuracy: 96.22%
[15,  1273] loss: 0.015 accuracy: 94.16%
[15,  1292] loss: 0.018 accuracy: 93.17%
[15,  1311] loss: 0.013 accuracy: 95.56%
[15,  1330] loss: 0.013 accuracy: 95.39%
[15,  1349] loss: 0.015 accuracy: 95.15%
[15,  1368] loss: 0.012 accuracy: 95.81%
[15,  1387] loss: 0.011 accuracy: 96.13%
[15,  1406] loss: 0.013 accuracy: 95.15%
[15,  1425] loss: 0.012 accuracy: 95.56%
[15,  1444] loss: 0.010 accuracy: 96.38%
[15,  1463] loss: 0.011 accuracy: 95.64%
[15,  1482] loss: 0.010 accuracy: 96.13%
[15,  1501] loss: 0.011 accuracy: 96.05%
[15,  1520] loss: 0.013 accuracy: 95.39%
[15,  1539] loss: 0.011 accuracy: 96.46%
[15,  1558] loss: 0.016 accuracy: 94.98%
[15,  1577] loss: 0.015 accuracy: 95.31%
[15,  1596] loss: 0.014 accuracy: 95.07%
[15,  1615] loss: 0.018 accuracy: 94.00%
[15,  1634] loss: 0.019 accuracy: 93.26%
[15,  1653] loss: 0.018 accuracy: 93.91%
[15,  1672] loss: 0.014 accuracy: 95.15%
[15,  1691] loss: 0.013 accuracy: 95.07%
[15,  1710] loss: 0.016 accuracy: 94.41%
[15,  1729] loss: 0.014 accuracy: 95.56%
[15,  1748] loss: 0.015 accuracy: 95.81%
[15,  1767] loss: 0.010 accuracy: 96.22%
[15,  1786] loss: 0.016 accuracy: 95.39%
[15,  1805] loss: 0.014 accuracy: 95.48%
[15,  1824] loss: 0.015 accuracy: 94.57%
[15,  1843] loss: 0.013 accuracy: 95.56%
[15,  1862] loss: 0.012 accuracy: 95.81%
[15,  1881] loss: 0.010 accuracy: 96.05%
[15,  1900] loss: 0.011 accuracy: 96.05%
[15,  1919] loss: 0.016 accuracy: 94.41%
[15,  1938] loss: 0.015 accuracy: 95.72%
[15,  1957] loss: 0.015 accuracy: 94.98%
[15,  1976] loss: 0.011 accuracy: 95.97%
[15,  1995] loss: 0.011 accuracy: 96.46%
Epoch 15: training accuracy = 96.44%
********** VALIDATION **********
Epoch 15: validation accuracy = 57.16%
